2025-10-05 17:49:29,760 - INFO - Starting FBRef data collection
2025-10-05 17:49:29,760 - INFO - Processing league: Premier-League from https://fbref.com/en/comps/9/schedule/Premier-League-Scores-and-Fixtures
2025-10-05 17:49:29,761 - INFO - Getting fixture data...
2025-10-05 17:49:30,920 - INFO - Navigating to https://fbref.com/en/comps/9/schedule/Premier-League-Scores-and-Fixtures
2025-10-05 17:49:45,371 - INFO - Found 10 tables on page
2025-10-05 17:49:45,371 - INFO - Fixture table shape: (4, 3)
2025-10-05 17:49:45,371 - INFO - Columns found: [0, 1, 2]
2025-10-05 17:49:45,488 - ERROR - An error occurred: 'Page' object has no attribute 'eval_all_handle'
Traceback (most recent call last):
  File "C:\Users\spoic\OneDrive\Documents\Python Projects\ff-bot\main-playwrite.py", line 217, in main
    fixtures = get_fixture_data(url)
  File "C:\Users\spoic\OneDrive\Documents\Python Projects\ff-bot\main-playwrite.py", line 130, in get_fixture_data
    links = page.eval_all_handle('//td[@data-stat="match_report"]/a',
            ^^^^^^^^^^^^^^^^^^^^
AttributeError: 'Page' object has no attribute 'eval_all_handle'. Did you mean: 'evaluate_handle'?
2025-10-05 17:54:02,727 - INFO - Starting FBRef data collection
2025-10-05 17:54:02,728 - INFO - Processing league: Premier-League from https://fbref.com/en/comps/9/schedule/Premier-League-Scores-and-Fixtures
2025-10-05 17:54:02,728 - INFO - Getting fixture data...
2025-10-05 17:54:03,667 - INFO - Navigating to https://fbref.com/en/comps/9/schedule/Premier-League-Scores-and-Fixtures
2025-10-05 17:54:20,344 - INFO - Found 10 tables on page
2025-10-05 17:54:20,381 - INFO - Fixture table shape: (4, 3)
2025-10-05 17:54:20,382 - INFO - Columns found: [0, 1, 2]
2025-10-05 17:54:20,461 - ERROR - An error occurred: 'Page' object has no attribute 'eval_all_handle'
Traceback (most recent call last):
  File "C:\Users\spoic\OneDrive\Documents\Python Projects\ff-bot\main-playwrite.py", line 180, in main
    fixtures = get_fixture_data(url)
  File "C:\Users\spoic\OneDrive\Documents\Python Projects\ff-bot\main-playwrite.py", line 93, in get_fixture_data
    links = page.eval_all_handle('//td[@data-stat="match_report"]/a',
            ^^^^^^^^^^^^^^^^^^^^
AttributeError: 'Page' object has no attribute 'eval_all_handle'. Did you mean: 'evaluate_handle'?
2025-10-05 18:01:51,876 - INFO - Starting FBRef data collection
2025-10-05 18:01:51,876 - INFO - Processing league: Premier-League from https://fbref.com/en/comps/9/schedule/Premier-League-Scores-and-Fixtures
2025-10-05 18:01:51,876 - INFO - Getting fixture data...
2025-10-05 18:01:52,966 - INFO - Navigating to https://fbref.com/en/comps/9/schedule/Premier-League-Scores-and-Fixtures
2025-10-05 18:02:04,929 - INFO - Found 10 tables on page
2025-10-05 18:02:04,950 - INFO - Fixture table shape: (426, 14)
2025-10-05 18:02:04,951 - INFO - Columns found: ['Wk', 'Day', 'Date', 'Time', 'Home', 'xG', 'Score', 'xG.1', 'Away', 'Attendance', 'Venue', 'Referee', 'Match Report', 'Notes']
2025-10-05 18:02:07,369 - ERROR - An error occurred: Length of values (380) does not match length of index (426)
Traceback (most recent call last):
  File "C:\Users\spoic\OneDrive\Documents\Python Projects\ff-bot\main-playwrite.py", line 207, in main
    fixtures = get_fixture_data(url)
  File "C:\Users\spoic\OneDrive\Documents\Python Projects\ff-bot\main-playwrite.py", line 99, in get_fixture_data
    fixtures['Match Report'] = match_links
    ~~~~~~~~^^^^^^^^^^^^^^^^
  File "C:\Users\spoic\OneDrive\Documents\Python Projects\ff-bot\.venv\Lib\site-packages\pandas\core\frame.py", line 4316, in __setitem__
    self._set_item(key, value)
    ~~~~~~~~~~~~~~^^^^^^^^^^^^
  File "C:\Users\spoic\OneDrive\Documents\Python Projects\ff-bot\.venv\Lib\site-packages\pandas\core\frame.py", line 4529, in _set_item
    value, refs = self._sanitize_column(value)
                  ~~~~~~~~~~~~~~~~~~~~~^^^^^^^
  File "C:\Users\spoic\OneDrive\Documents\Python Projects\ff-bot\.venv\Lib\site-packages\pandas\core\frame.py", line 5273, in _sanitize_column
    com.require_length_match(value, self.index)
    ~~~~~~~~~~~~~~~~~~~~~~~~^^^^^^^^^^^^^^^^^^^
  File "C:\Users\spoic\OneDrive\Documents\Python Projects\ff-bot\.venv\Lib\site-packages\pandas\core\common.py", line 573, in require_length_match
    raise ValueError(
    ...<4 lines>...
    )
ValueError: Length of values (380) does not match length of index (426)
2025-10-05 19:17:47,678 - INFO - Starting FBRef data collection
2025-10-05 19:17:47,679 - INFO - Processing league: Premier-League from https://fbref.com/en/comps/9/schedule/Premier-League-Scores-and-Fixtures
2025-10-05 19:17:47,680 - INFO - Getting fixture data...
2025-10-05 19:17:56,321 - INFO - Navigating to https://fbref.com/en/comps/9/schedule/Premier-League-Scores-and-Fixtures
2025-10-05 19:18:06,571 - INFO - Found 10 tables on page
2025-10-05 19:18:06,597 - INFO - Fixture table shape: (426, 14)
2025-10-05 19:18:06,597 - INFO - Columns found: ['Wk', 'Day', 'Date', 'Time', 'Home', 'xG', 'Score', 'xG.1', 'Away', 'Attendance', 'Venue', 'Referee', 'Match Report', 'Notes']
2025-10-05 19:18:08,794 - INFO - Found 380 match report links
2025-10-05 19:18:08,810 - INFO - Total fixtures processed: 426
2025-10-05 19:18:08,810 - INFO - Games played: 426
2025-10-05 19:18:08,815 - INFO - Fixture data saved to CSV
2025-10-05 19:18:08,832 - INFO - Sample of processed data:
  Wk  Day        Date   Time         Home xG Home Score xG Away           Away  Match Report  game_played              game_id
0  1  Fri  2025-08-15  20:00    Liverpool     2.2   4–2     1.7    Bournemouth  Match Report         True   200399541094050991
1  1  Sat  2025-08-16  12:30  Aston Villa     0.2   0–0     1.4  Newcastle Utd  Match Report         True  8654178852177415943
2  1  Sat  2025-08-16  15:00   Sunderland     0.7   3–0     0.6       West Ham  Match Report         True  1494086638277731657
3  1  Sat  2025-08-16  15:00    Tottenham     2.3   3–0     0.9        Burnley  Match Report         True  2319427268726125715
4  1  Sat  2025-08-16  15:00     Brighton     1.5   1–1     0.7         Fulham  Match Report         True -3510614976007238415
2025-10-05 19:18:08,958 - INFO - Successfully retrieved 426 fixtures
2025-10-05 19:30:52,002 - INFO - Starting FBRef data collection
2025-10-05 19:30:52,003 - INFO - Processing league: Premier-League from https://fbref.com/en/comps/9/schedule/Premier-League-Scores-and-Fixtures
2025-10-05 19:30:52,004 - INFO - Getting fixture data...
2025-10-05 19:30:53,029 - INFO - Navigating to https://fbref.com/en/comps/9/schedule/Premier-League-Scores-and-Fixtures
2025-10-05 19:31:04,722 - INFO - Found 10 tables on page
2025-10-05 19:31:04,744 - INFO - Fixture table shape: (426, 14)
2025-10-05 19:31:04,744 - INFO - Columns found: ['Wk', 'Day', 'Date', 'Time', 'Home', 'xG', 'Score', 'xG.1', 'Away', 'Attendance', 'Venue', 'Referee', 'Match Report', 'Notes']
2025-10-05 19:31:06,971 - INFO - Found 380 match report links
2025-10-05 19:31:06,978 - INFO - Total fixtures processed: 426
2025-10-05 19:31:06,979 - INFO - Games played: 426
2025-10-05 19:31:06,984 - INFO - Fixture data saved to CSV
2025-10-05 19:31:06,996 - INFO - Sample of processed data:
  Wk  Day        Date   Time         Home xG Home Score xG Away           Away  Match Report  game_played              game_id
0  1  Fri  2025-08-15  20:00    Liverpool     2.2   4–2     1.7    Bournemouth  Match Report         True  -316368286437045144
1  1  Sat  2025-08-16  12:30  Aston Villa     0.2   0–0     1.4  Newcastle Utd  Match Report         True  7285973539243284593
2  1  Sat  2025-08-16  15:00   Sunderland     0.7   3–0     0.6       West Ham  Match Report         True  5062161332672266658
3  1  Sat  2025-08-16  15:00    Tottenham     2.3   3–0     0.9        Burnley  Match Report         True  6050850282221222494
4  1  Sat  2025-08-16  15:00     Brighton     1.5   1–1     0.7         Fulham  Match Report         True   665705816730538826
2025-10-05 19:31:07,014 - INFO - Sample of processed data from the end:
     Wk  Day        Date   Time             Home xG Home Score xG Away           Away  Match Report  game_played              game_id
421  38  Sun  2026-05-24  16:00        Liverpool     NaN   NaN     NaN      Brentford  Head-to-Head         True  5333312175032347906
422  38  Sun  2026-05-24  16:00           Fulham     NaN   NaN     NaN  Newcastle Utd  Head-to-Head         True -1549761270107844905
423  38  Sun  2026-05-24  16:00  Nott'ham Forest     NaN   NaN     NaN    Bournemouth  Head-to-Head         True -8702960942359006241
424  38  Sun  2026-05-24  16:00       Sunderland     NaN   NaN     NaN        Chelsea  Head-to-Head         True -3742030046291387995
425  38  Sun  2026-05-24  16:00          Burnley     NaN   NaN     NaN         Wolves  Head-to-Head         True  3360682327250661272
2025-10-05 19:31:07,150 - INFO - Successfully retrieved 426 fixtures
2025-10-05 19:34:02,847 - INFO - Starting FBRef data collection
2025-10-05 19:34:02,848 - INFO - Processing league: Premier-League from https://fbref.com/en/comps/9/schedule/Premier-League-Scores-and-Fixtures
2025-10-05 19:34:02,848 - INFO - Getting fixture data...
2025-10-05 19:34:03,719 - INFO - Navigating to https://fbref.com/en/comps/9/schedule/Premier-League-Scores-and-Fixtures
2025-10-05 19:34:18,704 - INFO - Found 10 tables on page
2025-10-05 19:34:18,724 - INFO - Fixture table shape: (426, 14)
2025-10-05 19:34:18,724 - INFO - Columns found: ['Wk', 'Day', 'Date', 'Time', 'Home', 'xG', 'Score', 'xG.1', 'Away', 'Attendance', 'Venue', 'Referee', 'Match Report', 'Notes']
2025-10-05 19:34:20,959 - INFO - Found 380 match report links
2025-10-05 19:34:20,960 - INFO - Total fixtures processed: 380
2025-10-05 19:34:20,961 - INFO - Games played: 65
2025-10-05 19:34:20,965 - INFO - Fixture data saved to CSV
2025-10-05 19:34:20,979 - INFO - Sample of processed data:
  Wk  Day        Date   Time         Home xG Home Score xG Away           Away  Match Report  game_played              game_id
0  1  Fri  2025-08-15  20:00    Liverpool     2.2   4–2     1.7    Bournemouth  Match Report         True -9014087021303664980
1  1  Sat  2025-08-16  12:30  Aston Villa     0.2   0–0     1.4  Newcastle Utd  Match Report         True -2321409623697234577
2  1  Sat  2025-08-16  15:00   Sunderland     0.7   3–0     0.6       West Ham  Match Report         True -4418452558492953018
3  1  Sat  2025-08-16  15:00    Tottenham     2.3   3–0     0.9        Burnley  Match Report         True  3159966880157493869
4  1  Sat  2025-08-16  15:00     Brighton     1.5   1–1     0.7         Fulham  Match Report         True -8772341339595849283
2025-10-05 19:34:20,989 - INFO - Sample of processed data from the end:
     Wk  Day        Date   Time             Home xG Home Score xG Away           Away  Match Report  game_played              game_id
421  38  Sun  2026-05-24  16:00        Liverpool     NaN   NaN     NaN      Brentford  Head-to-Head        False -2145687727226270425
422  38  Sun  2026-05-24  16:00           Fulham     NaN   NaN     NaN  Newcastle Utd  Head-to-Head        False  2496201231741980585
423  38  Sun  2026-05-24  16:00  Nott'ham Forest     NaN   NaN     NaN    Bournemouth  Head-to-Head        False  8003650467358026436
424  38  Sun  2026-05-24  16:00       Sunderland     NaN   NaN     NaN        Chelsea  Head-to-Head        False  -922273812821453358
425  38  Sun  2026-05-24  16:00          Burnley     NaN   NaN     NaN         Wolves  Head-to-Head        False -8966899610293845647
2025-10-05 19:34:21,101 - INFO - Successfully retrieved 380 fixtures
2025-10-05 19:35:00,268 - INFO - Starting FBRef data collection
2025-10-05 19:35:00,269 - INFO - Processing league: Premier-League from https://fbref.com/en/comps/9/schedule/Premier-League-Scores-and-Fixtures
2025-10-05 19:35:00,269 - INFO - Getting fixture data...
2025-10-05 19:35:01,259 - INFO - Navigating to https://fbref.com/en/comps/9/schedule/Premier-League-Scores-and-Fixtures
2025-10-05 19:35:13,742 - INFO - Found 10 tables on page
2025-10-05 19:35:13,767 - INFO - Fixture table shape: (426, 14)
2025-10-05 19:35:13,767 - INFO - Columns found: ['Wk', 'Day', 'Date', 'Time', 'Home', 'xG', 'Score', 'xG.1', 'Away', 'Attendance', 'Venue', 'Referee', 'Match Report', 'Notes']
2025-10-05 19:35:16,860 - INFO - Found 380 match report links
2025-10-05 19:35:16,861 - INFO - Total fixtures processed: 380
2025-10-05 19:35:16,861 - INFO - Games played: 65
2025-10-05 19:35:16,866 - INFO - Fixture data saved to CSV
2025-10-05 19:35:16,892 - INFO - Sample of processed data:
  Wk  Day        Date   Time  ...           Away                                       Match Report game_played              game_id
0  1  Fri  2025-08-15  20:00  ...    Bournemouth  https://fbref.com/en/matches/a071faa8/Liverpoo...        True -2924268024945849194
1  1  Sat  2025-08-16  12:30  ...  Newcastle Utd  https://fbref.com/en/matches/bbdf4739/Aston-Vi...        True  7710853784571378593
2  1  Sat  2025-08-16  15:00  ...       West Ham  https://fbref.com/en/matches/e1058522/Sunderla...        True  9135107181755665070
3  1  Sat  2025-08-16  15:00  ...        Burnley  https://fbref.com/en/matches/d41bb8b3/Tottenha...        True  9151173795621256107
4  1  Sat  2025-08-16  15:00  ...         Fulham  https://fbref.com/en/matches/57c49bae/Brighton...        True -1818727433420630267

[5 rows x 12 columns]
2025-10-05 19:35:16,906 - INFO - Sample of processed data from the end:
     Wk  Day        Date   Time  ...           Away                                       Match Report game_played              game_id
421  38  Sun  2026-05-24  16:00  ...      Brentford  https://fbref.com/en/stathead/matchup/teams/cd...       False  4373246114274710608
422  38  Sun  2026-05-24  16:00  ...  Newcastle Utd  https://fbref.com/en/stathead/matchup/teams/fd...       False  4330761922977339108
423  38  Sun  2026-05-24  16:00  ...    Bournemouth  https://fbref.com/en/stathead/matchup/teams/e4...       False  5122225614623415819
424  38  Sun  2026-05-24  16:00  ...        Chelsea  https://fbref.com/en/stathead/matchup/teams/cf...       False  3944951412858141654
425  38  Sun  2026-05-24  16:00  ...         Wolves  https://fbref.com/en/stathead/matchup/teams/94...       False  5458668663115187055

[5 rows x 12 columns]
2025-10-05 19:35:17,057 - INFO - Successfully retrieved 380 fixtures
2025-10-05 19:43:08,669 - INFO - Starting FBRef data collection
2025-10-05 19:43:08,671 - INFO - Processing league: Premier-League from https://fbref.com/en/comps/9/schedule/Premier-League-Scores-and-Fixtures
2025-10-05 19:43:08,672 - INFO - Getting fixture data...
2025-10-05 19:43:09,955 - INFO - Navigating to https://fbref.com/en/comps/9/schedule/Premier-League-Scores-and-Fixtures
2025-10-05 19:43:21,263 - INFO - Found 10 tables on page
2025-10-05 19:43:21,290 - INFO - Fixture table shape: (426, 14)
2025-10-05 19:43:21,291 - INFO - Columns found: ['Wk', 'Day', 'Date', 'Time', 'Home', 'xG', 'Score', 'xG.1', 'Away', 'Attendance', 'Venue', 'Referee', 'Match Report', 'Notes']
2025-10-05 19:43:23,510 - INFO - Found 380 match report links
2025-10-05 19:43:23,511 - INFO - Total fixtures processed: 380
2025-10-05 19:43:23,512 - INFO - Games played: 65
2025-10-05 19:43:23,516 - INFO - Fixture data saved to CSV
2025-10-05 19:43:23,539 - INFO - Sample of processed data:
  Wk  Day        Date   Time  ...           Away                                       Match Report game_played              game_id
0  1  Fri  2025-08-15  20:00  ...    Bournemouth  https://fbref.com/en/matches/a071faa8/Liverpoo...        True  3432485193754775836
1  1  Sat  2025-08-16  12:30  ...  Newcastle Utd  https://fbref.com/en/matches/bbdf4739/Aston-Vi...        True -2257172396050598620
2  1  Sat  2025-08-16  15:00  ...       West Ham  https://fbref.com/en/matches/e1058522/Sunderla...        True  5901270499117653157
3  1  Sat  2025-08-16  15:00  ...        Burnley  https://fbref.com/en/matches/d41bb8b3/Tottenha...        True  4100583153104112871
4  1  Sat  2025-08-16  15:00  ...         Fulham  https://fbref.com/en/matches/57c49bae/Brighton...        True -6229812285968371972

[5 rows x 12 columns]
2025-10-05 19:43:23,550 - INFO - Sample of processed data from the end:
     Wk  Day        Date   Time  ...           Away                                       Match Report game_played              game_id
421  38  Sun  2026-05-24  16:00  ...      Brentford  https://fbref.com/en/stathead/matchup/teams/cd...       False -6218882880628580242
422  38  Sun  2026-05-24  16:00  ...  Newcastle Utd  https://fbref.com/en/stathead/matchup/teams/fd...       False -5272996172558623928
423  38  Sun  2026-05-24  16:00  ...    Bournemouth  https://fbref.com/en/stathead/matchup/teams/e4...       False  6196140983653691402
424  38  Sun  2026-05-24  16:00  ...        Chelsea  https://fbref.com/en/stathead/matchup/teams/cf...       False -4084687808001007779
425  38  Sun  2026-05-24  16:00  ...         Wolves  https://fbref.com/en/stathead/matchup/teams/94...       False  1388822197931791642

[5 rows x 12 columns]
2025-10-05 19:43:23,663 - INFO - Successfully retrieved 380 fixtures
2025-10-05 19:43:23,663 - INFO - Getting match links...
2025-10-05 19:43:23,664 - INFO - 65 matches found
2025-10-05 19:43:23,665 - INFO - Starting player data collection
2025-10-05 19:43:24,750 - INFO - Processing match 1/65: https://fbref.com/en/matches/a071faa8/Liverpool-Bournemouth-August-15-2025-Premier-League
2025-10-05 19:43:36,799 - INFO - Found 29 tables in match report
2025-10-05 19:43:36,853 - ERROR - Error processing match https://fbref.com/en/matches/a071faa8/Liverpool-Bournemouth-August-15-2025-Premier-League: 'Player'
Traceback (most recent call last):
  File "C:\Users\spoic\OneDrive\Documents\Python Projects\ff-bot\main-playwrite.py", line 179, in get_player_data
    t1 = extract_player_data(tables=tables, home=True)
  File "C:\Users\spoic\OneDrive\Documents\Python Projects\ff-bot\main-playwrite.py", line 142, in extract_player_data
    df = reduce(lambda left, right: pd.merge(left, right,
         ~~~~~~^^^^^^^^^^^^^^^^^^^^^^^^^^^^^^^^^^^^^^^^^^
        on=['Player', 'Nation', 'Age', 'Min'], how='outer'), data_frames).iloc[:-1]
        ^^^^^^^^^^^^^^^^^^^^^^^^^^^^^^^^^^^^^^^^^^^^^^^^^^^^^^^^^^^^^^^^^
  File "C:\Users\spoic\OneDrive\Documents\Python Projects\ff-bot\main-playwrite.py", line 142, in <lambda>
    df = reduce(lambda left, right: pd.merge(left, right,
                                    ~~~~~~~~^^^^^^^^^^^^^
        on=['Player', 'Nation', 'Age', 'Min'], how='outer'), data_frames).iloc[:-1]
        ^^^^^^^^^^^^^^^^^^^^^^^^^^^^^^^^^^^^^^^^^^^^^^^^^^^
  File "C:\Users\spoic\OneDrive\Documents\Python Projects\ff-bot\.venv\Lib\site-packages\pandas\core\reshape\merge.py", line 170, in merge
    op = _MergeOperation(
        left_df,
    ...<10 lines>...
        validate=validate,
    )
  File "C:\Users\spoic\OneDrive\Documents\Python Projects\ff-bot\.venv\Lib\site-packages\pandas\core\reshape\merge.py", line 794, in __init__
    ) = self._get_merge_keys()
        ~~~~~~~~~~~~~~~~~~~~^^
  File "C:\Users\spoic\OneDrive\Documents\Python Projects\ff-bot\.venv\Lib\site-packages\pandas\core\reshape\merge.py", line 1298, in _get_merge_keys
    right_keys.append(right._get_label_or_level_values(rk))
                      ~~~~~~~~~~~~~~~~~~~~~~~~~~~~~~~~^^^^
  File "C:\Users\spoic\OneDrive\Documents\Python Projects\ff-bot\.venv\Lib\site-packages\pandas\core\generic.py", line 1911, in _get_label_or_level_values
    raise KeyError(key)
KeyError: 'Player'
2025-10-05 19:43:36,932 - INFO - Waiting between requests...
2025-10-05 19:43:44,244 - INFO - Processing match 2/65: https://fbref.com/en/matches/bbdf4739/Aston-Villa-Newcastle-United-August-16-2025-Premier-League
2025-10-05 19:43:54,514 - INFO - Found 29 tables in match report
2025-10-05 19:43:54,570 - ERROR - Error processing match https://fbref.com/en/matches/bbdf4739/Aston-Villa-Newcastle-United-August-16-2025-Premier-League: 'Player'
Traceback (most recent call last):
  File "C:\Users\spoic\OneDrive\Documents\Python Projects\ff-bot\main-playwrite.py", line 179, in get_player_data
    t1 = extract_player_data(tables=tables, home=True)
  File "C:\Users\spoic\OneDrive\Documents\Python Projects\ff-bot\main-playwrite.py", line 142, in extract_player_data
    df = reduce(lambda left, right: pd.merge(left, right,
         ~~~~~~^^^^^^^^^^^^^^^^^^^^^^^^^^^^^^^^^^^^^^^^^^
        on=['Player', 'Nation', 'Age', 'Min'], how='outer'), data_frames).iloc[:-1]
        ^^^^^^^^^^^^^^^^^^^^^^^^^^^^^^^^^^^^^^^^^^^^^^^^^^^^^^^^^^^^^^^^^
  File "C:\Users\spoic\OneDrive\Documents\Python Projects\ff-bot\main-playwrite.py", line 142, in <lambda>
    df = reduce(lambda left, right: pd.merge(left, right,
                                    ~~~~~~~~^^^^^^^^^^^^^
        on=['Player', 'Nation', 'Age', 'Min'], how='outer'), data_frames).iloc[:-1]
        ^^^^^^^^^^^^^^^^^^^^^^^^^^^^^^^^^^^^^^^^^^^^^^^^^^^
  File "C:\Users\spoic\OneDrive\Documents\Python Projects\ff-bot\.venv\Lib\site-packages\pandas\core\reshape\merge.py", line 170, in merge
    op = _MergeOperation(
        left_df,
    ...<10 lines>...
        validate=validate,
    )
  File "C:\Users\spoic\OneDrive\Documents\Python Projects\ff-bot\.venv\Lib\site-packages\pandas\core\reshape\merge.py", line 794, in __init__
    ) = self._get_merge_keys()
        ~~~~~~~~~~~~~~~~~~~~^^
  File "C:\Users\spoic\OneDrive\Documents\Python Projects\ff-bot\.venv\Lib\site-packages\pandas\core\reshape\merge.py", line 1298, in _get_merge_keys
    right_keys.append(right._get_label_or_level_values(rk))
                      ~~~~~~~~~~~~~~~~~~~~~~~~~~~~~~~~^^^^
  File "C:\Users\spoic\OneDrive\Documents\Python Projects\ff-bot\.venv\Lib\site-packages\pandas\core\generic.py", line 1911, in _get_label_or_level_values
    raise KeyError(key)
KeyError: 'Player'
2025-10-05 19:43:54,573 - INFO - Waiting between requests...
2025-10-05 19:43:57,608 - ERROR - An error occurred: Browser.close: Connection closed while reading from the driver
Traceback (most recent call last):
  File "C:\Users\spoic\OneDrive\Documents\Python Projects\ff-bot\main-playwrite.py", line 217, in main
    get_player_data(get_match_links(fixtures), fixtures['game_id'])
    ~~~~~~~~~~~~~~~^^^^^^^^^^^^^^^^^^^^^^^^^^^^^^^^^^^^^^^^^^^^^^^^
  File "C:\Users\spoic\OneDrive\Documents\Python Projects\ff-bot\main-playwrite.py", line 200, in get_player_data
    browser.close()
    ~~~~~~~~~~~~~^^
  File "C:\Users\spoic\OneDrive\Documents\Python Projects\ff-bot\.venv\Lib\site-packages\playwright\sync_api\_generated.py", line 14269, in close
    return mapping.from_maybe_impl(self._sync(self._impl_obj.close(reason=reason)))
                                   ~~~~~~~~~~^^^^^^^^^^^^^^^^^^^^^^^^^^^^^^^^^^^^^
  File "C:\Users\spoic\OneDrive\Documents\Python Projects\ff-bot\.venv\Lib\site-packages\playwright\_impl\_sync_base.py", line 115, in _sync
    return task.result()
           ~~~~~~~~~~~^^
  File "C:\Users\spoic\OneDrive\Documents\Python Projects\ff-bot\.venv\Lib\site-packages\playwright\_impl\_browser.py", line 241, in close
    raise e
  File "C:\Users\spoic\OneDrive\Documents\Python Projects\ff-bot\.venv\Lib\site-packages\playwright\_impl\_browser.py", line 238, in close
    await self._channel.send("close", None, {"reason": reason})
  File "C:\Users\spoic\OneDrive\Documents\Python Projects\ff-bot\.venv\Lib\site-packages\playwright\_impl\_connection.py", line 69, in send
    return await self._connection.wrap_api_call(
           ^^^^^^^^^^^^^^^^^^^^^^^^^^^^^^^^^^^^^
    ...<3 lines>...
    )
    ^
  File "C:\Users\spoic\OneDrive\Documents\Python Projects\ff-bot\.venv\Lib\site-packages\playwright\_impl\_connection.py", line 558, in wrap_api_call
    raise rewrite_error(error, f"{parsed_st['apiName']}: {error}") from None
Exception: Browser.close: Connection closed while reading from the driver
2025-10-05 19:46:03,973 - INFO - Starting FBRef data collection
2025-10-05 19:46:03,974 - INFO - Processing league: Premier-League from https://fbref.com/en/comps/9/schedule/Premier-League-Scores-and-Fixtures
2025-10-05 19:46:03,974 - INFO - Getting fixture data...
2025-10-05 19:46:04,951 - INFO - Navigating to https://fbref.com/en/comps/9/schedule/Premier-League-Scores-and-Fixtures
2025-10-05 19:46:15,334 - INFO - Found 10 tables on page
2025-10-05 19:46:15,356 - INFO - Fixture table shape: (426, 14)
2025-10-05 19:46:15,357 - INFO - Columns found: ['Wk', 'Day', 'Date', 'Time', 'Home', 'xG', 'Score', 'xG.1', 'Away', 'Attendance', 'Venue', 'Referee', 'Match Report', 'Notes']
2025-10-05 19:46:17,726 - INFO - Found 380 match report links
2025-10-05 19:46:17,727 - INFO - Total fixtures processed: 380
2025-10-05 19:46:17,727 - INFO - Games played: 65
2025-10-05 19:46:17,732 - INFO - Fixture data saved to CSV
2025-10-05 19:46:17,745 - INFO - Sample of processed data:
  Wk  Day        Date   Time  ...           Away                                       Match Report game_played              game_id
0  1  Fri  2025-08-15  20:00  ...    Bournemouth  https://fbref.com/en/matches/a071faa8/Liverpoo...        True  -924339579759032313
1  1  Sat  2025-08-16  12:30  ...  Newcastle Utd  https://fbref.com/en/matches/bbdf4739/Aston-Vi...        True -2289031757233963371
2  1  Sat  2025-08-16  15:00  ...       West Ham  https://fbref.com/en/matches/e1058522/Sunderla...        True  5598035579315223561
3  1  Sat  2025-08-16  15:00  ...        Burnley  https://fbref.com/en/matches/d41bb8b3/Tottenha...        True -1905243066190874540
4  1  Sat  2025-08-16  15:00  ...         Fulham  https://fbref.com/en/matches/57c49bae/Brighton...        True -7364999389133128113

[5 rows x 12 columns]
2025-10-05 19:46:17,755 - INFO - Sample of processed data from the end:
     Wk  Day        Date   Time  ...           Away                                       Match Report game_played              game_id
421  38  Sun  2026-05-24  16:00  ...      Brentford  https://fbref.com/en/stathead/matchup/teams/cd...       False  2489118432838866515
422  38  Sun  2026-05-24  16:00  ...  Newcastle Utd  https://fbref.com/en/stathead/matchup/teams/fd...       False  4792109346888233697
423  38  Sun  2026-05-24  16:00  ...    Bournemouth  https://fbref.com/en/stathead/matchup/teams/e4...       False -5883383040092255948
424  38  Sun  2026-05-24  16:00  ...        Chelsea  https://fbref.com/en/stathead/matchup/teams/cf...       False -9019542519986607708
425  38  Sun  2026-05-24  16:00  ...         Wolves  https://fbref.com/en/stathead/matchup/teams/94...       False -1865255473518470685

[5 rows x 12 columns]
2025-10-05 19:46:17,861 - INFO - Successfully retrieved 380 fixtures
2025-10-05 19:46:17,862 - INFO - Getting match links...
2025-10-05 19:46:17,863 - INFO - 65 matches found
2025-10-05 19:46:17,863 - INFO - Starting player data collection
2025-10-05 19:46:18,851 - INFO - Processing match 1/65: https://fbref.com/en/matches/a071faa8/Liverpool-Bournemouth-August-15-2025-Premier-League
2025-10-05 19:46:31,710 - INFO - Found 29 tables in match report
2025-10-05 19:46:31,767 - ERROR - Error processing match https://fbref.com/en/matches/a071faa8/Liverpool-Bournemouth-August-15-2025-Premier-League: 'Player'
Traceback (most recent call last):
  File "C:\Users\spoic\OneDrive\Documents\Python Projects\ff-bot\main-playwrite.py", line 183, in get_player_data
    t1 = extract_player_data(tables=tables, home=True)
  File "C:\Users\spoic\OneDrive\Documents\Python Projects\ff-bot\main-playwrite.py", line 146, in extract_player_data
    df = reduce(lambda left, right: pd.merge(left, right,
         ~~~~~~^^^^^^^^^^^^^^^^^^^^^^^^^^^^^^^^^^^^^^^^^^
        on=['Player', 'Nation', 'Age', 'Min'], how='outer'), data_frames).iloc[:-1]
        ^^^^^^^^^^^^^^^^^^^^^^^^^^^^^^^^^^^^^^^^^^^^^^^^^^^^^^^^^^^^^^^^^
  File "C:\Users\spoic\OneDrive\Documents\Python Projects\ff-bot\main-playwrite.py", line 146, in <lambda>
    df = reduce(lambda left, right: pd.merge(left, right,
                                    ~~~~~~~~^^^^^^^^^^^^^
        on=['Player', 'Nation', 'Age', 'Min'], how='outer'), data_frames).iloc[:-1]
        ^^^^^^^^^^^^^^^^^^^^^^^^^^^^^^^^^^^^^^^^^^^^^^^^^^^
  File "C:\Users\spoic\OneDrive\Documents\Python Projects\ff-bot\.venv\Lib\site-packages\pandas\core\reshape\merge.py", line 170, in merge
    op = _MergeOperation(
        left_df,
    ...<10 lines>...
        validate=validate,
    )
  File "C:\Users\spoic\OneDrive\Documents\Python Projects\ff-bot\.venv\Lib\site-packages\pandas\core\reshape\merge.py", line 794, in __init__
    ) = self._get_merge_keys()
        ~~~~~~~~~~~~~~~~~~~~^^
  File "C:\Users\spoic\OneDrive\Documents\Python Projects\ff-bot\.venv\Lib\site-packages\pandas\core\reshape\merge.py", line 1298, in _get_merge_keys
    right_keys.append(right._get_label_or_level_values(rk))
                      ~~~~~~~~~~~~~~~~~~~~~~~~~~~~~~~~^^^^
  File "C:\Users\spoic\OneDrive\Documents\Python Projects\ff-bot\.venv\Lib\site-packages\pandas\core\generic.py", line 1911, in _get_label_or_level_values
    raise KeyError(key)
KeyError: 'Player'
2025-10-05 19:46:31,773 - INFO - Waiting between requests...
2025-10-05 19:46:32,747 - ERROR - An error occurred: Browser.close: Connection closed while reading from the driver
Traceback (most recent call last):
  File "C:\Users\spoic\OneDrive\Documents\Python Projects\ff-bot\main-playwrite.py", line 221, in main
    get_player_data(get_match_links(fixtures), fixtures['game_id'])
    ~~~~~~~~~~~~~~~^^^^^^^^^^^^^^^^^^^^^^^^^^^^^^^^^^^^^^^^^^^^^^^^
  File "C:\Users\spoic\OneDrive\Documents\Python Projects\ff-bot\main-playwrite.py", line 204, in get_player_data
    browser.close()
    ~~~~~~~~~~~~~^^
  File "C:\Users\spoic\OneDrive\Documents\Python Projects\ff-bot\.venv\Lib\site-packages\playwright\sync_api\_generated.py", line 14269, in close
    return mapping.from_maybe_impl(self._sync(self._impl_obj.close(reason=reason)))
                                   ~~~~~~~~~~^^^^^^^^^^^^^^^^^^^^^^^^^^^^^^^^^^^^^
  File "C:\Users\spoic\OneDrive\Documents\Python Projects\ff-bot\.venv\Lib\site-packages\playwright\_impl\_sync_base.py", line 115, in _sync
    return task.result()
           ~~~~~~~~~~~^^
  File "C:\Users\spoic\OneDrive\Documents\Python Projects\ff-bot\.venv\Lib\site-packages\playwright\_impl\_browser.py", line 241, in close
    raise e
  File "C:\Users\spoic\OneDrive\Documents\Python Projects\ff-bot\.venv\Lib\site-packages\playwright\_impl\_browser.py", line 238, in close
    await self._channel.send("close", None, {"reason": reason})
  File "C:\Users\spoic\OneDrive\Documents\Python Projects\ff-bot\.venv\Lib\site-packages\playwright\_impl\_connection.py", line 69, in send
    return await self._connection.wrap_api_call(
           ^^^^^^^^^^^^^^^^^^^^^^^^^^^^^^^^^^^^^
    ...<3 lines>...
    )
    ^
  File "C:\Users\spoic\OneDrive\Documents\Python Projects\ff-bot\.venv\Lib\site-packages\playwright\_impl\_connection.py", line 558, in wrap_api_call
    raise rewrite_error(error, f"{parsed_st['apiName']}: {error}") from None
Exception: Browser.close: Connection closed while reading from the driver
2025-10-05 19:47:20,462 - INFO - Starting FBRef data collection
2025-10-05 19:47:20,462 - INFO - Processing league: Premier-League from https://fbref.com/en/comps/9/schedule/Premier-League-Scores-and-Fixtures
2025-10-05 19:47:20,463 - INFO - Getting fixture data...
2025-10-05 19:47:21,514 - INFO - Navigating to https://fbref.com/en/comps/9/schedule/Premier-League-Scores-and-Fixtures
2025-10-05 19:47:33,261 - INFO - Found 10 tables on page
2025-10-05 19:47:33,286 - INFO - Fixture table shape: (426, 14)
2025-10-05 19:47:33,287 - INFO - Columns found: ['Wk', 'Day', 'Date', 'Time', 'Home', 'xG', 'Score', 'xG.1', 'Away', 'Attendance', 'Venue', 'Referee', 'Match Report', 'Notes']
2025-10-05 19:47:35,776 - INFO - Found 380 match report links
2025-10-05 19:47:35,777 - INFO - Total fixtures processed: 380
2025-10-05 19:47:35,778 - INFO - Games played: 65
2025-10-05 19:47:35,782 - INFO - Fixture data saved to CSV
2025-10-05 19:47:35,795 - INFO - Sample of processed data:
  Wk  Day        Date   Time  ...           Away                                       Match Report game_played              game_id
0  1  Fri  2025-08-15  20:00  ...    Bournemouth  https://fbref.com/en/matches/a071faa8/Liverpoo...        True -1215194866643519530
1  1  Sat  2025-08-16  12:30  ...  Newcastle Utd  https://fbref.com/en/matches/bbdf4739/Aston-Vi...        True  3542484254844928577
2  1  Sat  2025-08-16  15:00  ...       West Ham  https://fbref.com/en/matches/e1058522/Sunderla...        True -2223618759538864831
3  1  Sat  2025-08-16  15:00  ...        Burnley  https://fbref.com/en/matches/d41bb8b3/Tottenha...        True  7000270045028183261
4  1  Sat  2025-08-16  15:00  ...         Fulham  https://fbref.com/en/matches/57c49bae/Brighton...        True -3851624260244213494

[5 rows x 12 columns]
2025-10-05 19:47:35,806 - INFO - Sample of processed data from the end:
     Wk  Day        Date   Time  ...           Away                                       Match Report game_played              game_id
421  38  Sun  2026-05-24  16:00  ...      Brentford  https://fbref.com/en/stathead/matchup/teams/cd...       False -2848696983901756574
422  38  Sun  2026-05-24  16:00  ...  Newcastle Utd  https://fbref.com/en/stathead/matchup/teams/fd...       False -2999660547618937930
423  38  Sun  2026-05-24  16:00  ...    Bournemouth  https://fbref.com/en/stathead/matchup/teams/e4...       False  7650128598352233892
424  38  Sun  2026-05-24  16:00  ...        Chelsea  https://fbref.com/en/stathead/matchup/teams/cf...       False  7754204746305989377
425  38  Sun  2026-05-24  16:00  ...         Wolves  https://fbref.com/en/stathead/matchup/teams/94...       False -1480327658018491737

[5 rows x 12 columns]
2025-10-05 19:47:35,902 - INFO - Successfully retrieved 380 fixtures
2025-10-05 19:47:35,902 - INFO - Getting match links...
2025-10-05 19:47:35,903 - INFO - 65 matches found
2025-10-05 19:47:35,903 - INFO - Starting player data collection
2025-10-05 19:47:36,949 - INFO - Processing match 1/65: https://fbref.com/en/matches/a071faa8/Liverpool-Bournemouth-August-15-2025-Premier-League
2025-10-05 19:47:49,420 - INFO - Found 29 tables in match report
2025-10-05 19:47:49,481 - INFO - DataFrame 1 head:
                     0       1     2
0            Marseille  15 pts  Club
1  Paris Saint-Germain  15 pts  Club
2                 Lyon  15 pts  Club
3                 Lens  13 pts  Club
2025-10-05 19:47:49,484 - INFO - DataFrame 2 head:
  Liverpool (4-2-3-1) Liverpool (4-2-3-1).1
0                   1               Alisson
1                   4       Virgil van Dijk
2                   5       Ibrahima Konaté
3                   6          Milos Kerkez
4                   7         Florian Wirtz
2025-10-05 19:47:49,484 - ERROR - Error processing match https://fbref.com/en/matches/a071faa8/Liverpool-Bournemouth-August-15-2025-Premier-League: 'Player'
Traceback (most recent call last):
  File "C:\Users\spoic\OneDrive\Documents\Python Projects\ff-bot\main-playwrite.py", line 183, in get_player_data
    t1 = extract_player_data(tables=tables, home=True)
  File "C:\Users\spoic\OneDrive\Documents\Python Projects\ff-bot\main-playwrite.py", line 146, in extract_player_data
    df = reduce(lambda left, right: pd.merge(left, right,
         ~~~~~~^^^^^^^^^^^^^^^^^^^^^^^^^^^^^^^^^^^^^^^^^^
        on=['Player', 'Nation', 'Age', 'Min'], how='outer'), data_frames).iloc[:-1]
        ^^^^^^^^^^^^^^^^^^^^^^^^^^^^^^^^^^^^^^^^^^^^^^^^^^^^^^^^^^^^^^^^^
  File "C:\Users\spoic\OneDrive\Documents\Python Projects\ff-bot\main-playwrite.py", line 146, in <lambda>
    df = reduce(lambda left, right: pd.merge(left, right,
                                    ~~~~~~~~^^^^^^^^^^^^^
        on=['Player', 'Nation', 'Age', 'Min'], how='outer'), data_frames).iloc[:-1]
        ^^^^^^^^^^^^^^^^^^^^^^^^^^^^^^^^^^^^^^^^^^^^^^^^^^^
  File "C:\Users\spoic\OneDrive\Documents\Python Projects\ff-bot\.venv\Lib\site-packages\pandas\core\reshape\merge.py", line 170, in merge
    op = _MergeOperation(
        left_df,
    ...<10 lines>...
        validate=validate,
    )
  File "C:\Users\spoic\OneDrive\Documents\Python Projects\ff-bot\.venv\Lib\site-packages\pandas\core\reshape\merge.py", line 794, in __init__
    ) = self._get_merge_keys()
        ~~~~~~~~~~~~~~~~~~~~^^
  File "C:\Users\spoic\OneDrive\Documents\Python Projects\ff-bot\.venv\Lib\site-packages\pandas\core\reshape\merge.py", line 1298, in _get_merge_keys
    right_keys.append(right._get_label_or_level_values(rk))
                      ~~~~~~~~~~~~~~~~~~~~~~~~~~~~~~~~^^^^
  File "C:\Users\spoic\OneDrive\Documents\Python Projects\ff-bot\.venv\Lib\site-packages\pandas\core\generic.py", line 1911, in _get_label_or_level_values
    raise KeyError(key)
KeyError: 'Player'
2025-10-05 19:47:49,490 - INFO - Waiting between requests...
2025-10-05 19:47:53,670 - ERROR - An error occurred: Browser.close: Connection closed while reading from the driver
Traceback (most recent call last):
  File "C:\Users\spoic\OneDrive\Documents\Python Projects\ff-bot\main-playwrite.py", line 221, in main
    get_player_data(get_match_links(fixtures), fixtures['game_id'])
    ~~~~~~~~~~~~~~~^^^^^^^^^^^^^^^^^^^^^^^^^^^^^^^^^^^^^^^^^^^^^^^^
  File "C:\Users\spoic\OneDrive\Documents\Python Projects\ff-bot\main-playwrite.py", line 204, in get_player_data
    browser.close()
    ~~~~~~~~~~~~~^^
  File "C:\Users\spoic\OneDrive\Documents\Python Projects\ff-bot\.venv\Lib\site-packages\playwright\sync_api\_generated.py", line 14269, in close
    return mapping.from_maybe_impl(self._sync(self._impl_obj.close(reason=reason)))
                                   ~~~~~~~~~~^^^^^^^^^^^^^^^^^^^^^^^^^^^^^^^^^^^^^
  File "C:\Users\spoic\OneDrive\Documents\Python Projects\ff-bot\.venv\Lib\site-packages\playwright\_impl\_sync_base.py", line 115, in _sync
    return task.result()
           ~~~~~~~~~~~^^
  File "C:\Users\spoic\OneDrive\Documents\Python Projects\ff-bot\.venv\Lib\site-packages\playwright\_impl\_browser.py", line 241, in close
    raise e
  File "C:\Users\spoic\OneDrive\Documents\Python Projects\ff-bot\.venv\Lib\site-packages\playwright\_impl\_browser.py", line 238, in close
    await self._channel.send("close", None, {"reason": reason})
  File "C:\Users\spoic\OneDrive\Documents\Python Projects\ff-bot\.venv\Lib\site-packages\playwright\_impl\_connection.py", line 69, in send
    return await self._connection.wrap_api_call(
           ^^^^^^^^^^^^^^^^^^^^^^^^^^^^^^^^^^^^^
    ...<3 lines>...
    )
    ^
  File "C:\Users\spoic\OneDrive\Documents\Python Projects\ff-bot\.venv\Lib\site-packages\playwright\_impl\_connection.py", line 558, in wrap_api_call
    raise rewrite_error(error, f"{parsed_st['apiName']}: {error}") from None
Exception: Browser.close: Connection closed while reading from the driver
2025-10-05 20:36:16,810 - INFO - Starting FBRef data collection
2025-10-05 20:36:16,811 - INFO - Processing league: Premier-League from https://fbref.com/en/comps/9/schedule/Premier-League-Scores-and-Fixtures
2025-10-05 20:36:16,811 - INFO - Getting fixture data...
2025-10-05 20:36:17,901 - INFO - Navigating to https://fbref.com/en/comps/9/schedule/Premier-League-Scores-and-Fixtures
2025-10-05 20:36:29,121 - INFO - Found 10 tables on page
2025-10-05 20:36:29,152 - INFO - Fixture table shape: (426, 14)
2025-10-05 20:36:29,153 - INFO - Columns found: ['Wk', 'Day', 'Date', 'Time', 'Home', 'xG', 'Score', 'xG.1', 'Away', 'Attendance', 'Venue', 'Referee', 'Match Report', 'Notes']
2025-10-05 20:36:31,909 - INFO - Found 380 match report links
2025-10-05 20:36:31,911 - INFO - Total fixtures processed: 380
2025-10-05 20:36:31,911 - INFO - Games played: 65
2025-10-05 20:36:31,917 - INFO - Fixture data saved to CSV
2025-10-05 20:36:31,933 - INFO - Sample of processed data:
  Wk  Day        Date   Time         Home  ... xG Away           Away                                       Match Report game_played              game_id
0  1  Fri  2025-08-15  20:00    Liverpool  ...     1.7    Bournemouth  https://fbref.com/en/matches/a071faa8/Liverpoo...        True -3086867181879023215
1  1  Sat  2025-08-16  12:30  Aston Villa  ...     1.4  Newcastle Utd  https://fbref.com/en/matches/bbdf4739/Aston-Vi...        True -1920400559715532569
2  1  Sat  2025-08-16  15:00   Sunderland  ...     0.6       West Ham  https://fbref.com/en/matches/e1058522/Sunderla...        True  5645711278935873596
3  1  Sat  2025-08-16  15:00    Tottenham  ...     0.9        Burnley  https://fbref.com/en/matches/d41bb8b3/Tottenha...        True -8973053380854928480
4  1  Sat  2025-08-16  15:00     Brighton  ...     0.7         Fulham  https://fbref.com/en/matches/57c49bae/Brighton...        True -7396893144292765916

[5 rows x 12 columns]
2025-10-05 20:36:31,946 - INFO - Sample of processed data from the end:
     Wk  Day        Date   Time  ...           Away                                       Match Report game_played              game_id
421  38  Sun  2026-05-24  16:00  ...      Brentford  https://fbref.com/en/stathead/matchup/teams/cd...       False  7642500114528101308
422  38  Sun  2026-05-24  16:00  ...  Newcastle Utd  https://fbref.com/en/stathead/matchup/teams/fd...       False  5109673122096957138
423  38  Sun  2026-05-24  16:00  ...    Bournemouth  https://fbref.com/en/stathead/matchup/teams/e4...       False  3611460835591519467
424  38  Sun  2026-05-24  16:00  ...        Chelsea  https://fbref.com/en/stathead/matchup/teams/cf...       False -5206673701405496687
425  38  Sun  2026-05-24  16:00  ...         Wolves  https://fbref.com/en/stathead/matchup/teams/94...       False  -196510801075426108

[5 rows x 12 columns]
2025-10-05 20:36:32,086 - INFO - Successfully retrieved 380 fixtures
2025-10-05 20:36:32,087 - INFO - Getting match links...
2025-10-05 20:36:32,087 - INFO - 65 matches found
2025-10-05 20:36:32,088 - INFO - Starting player data collection
2025-10-05 20:36:33,334 - INFO - Processing match 1/65: https://fbref.com/en/matches/a071faa8/Liverpool-Bournemouth-August-15-2025-Premier-League
2025-10-05 20:36:45,120 - INFO - Found 29 tables in match report
2025-10-05 20:36:45,142 - INFO - Added 31 rows to summary player data (total: 31)
2025-10-05 20:36:45,145 - INFO - Saved summary player data to players_summary.csv
2025-10-05 20:36:45,150 - INFO - Added 31 rows to passing player data (total: 31)
2025-10-05 20:36:45,153 - INFO - Saved passing player data to players_passing.csv
2025-10-05 20:36:45,157 - INFO - Added 31 rows to passing_types player data (total: 31)
2025-10-05 20:36:45,160 - INFO - Saved passing_types player data to players_passing_types.csv
2025-10-05 20:36:45,164 - INFO - Added 31 rows to defensive_actions player data (total: 31)
2025-10-05 20:36:45,167 - INFO - Saved defensive_actions player data to players_defensive_actions.csv
2025-10-05 20:36:45,171 - INFO - Added 31 rows to possession player data (total: 31)
2025-10-05 20:36:45,174 - INFO - Saved possession player data to players_possession.csv
2025-10-05 20:36:45,179 - INFO - Added 2 rows to miscellaneous player data (total: 2)
2025-10-05 20:36:45,181 - INFO - Saved miscellaneous player data to players_miscellaneous.csv
2025-10-05 20:36:45,184 - ERROR - Error processing match https://fbref.com/en/matches/a071faa8/Liverpool-Bournemouth-August-15-2025-Premier-League: 'Nation'
Traceback (most recent call last):
  File "C:\Users\spoic\OneDrive\Documents\Python Projects\ff-bot\.venv\Lib\site-packages\pandas\core\indexes\base.py", line 3812, in get_loc
    return self._engine.get_loc(casted_key)
           ~~~~~~~~~~~~~~~~~~~~^^^^^^^^^^^^
  File "pandas/_libs/index.pyx", line 167, in pandas._libs.index.IndexEngine.get_loc
  File "pandas/_libs/index.pyx", line 191, in pandas._libs.index.IndexEngine.get_loc
  File "pandas/_libs/index.pyx", line 234, in pandas._libs.index.IndexEngine._get_loc_duplicates
  File "pandas/_libs/index.pyx", line 242, in pandas._libs.index.IndexEngine._maybe_get_bool_indexer
  File "pandas/_libs/index.pyx", line 134, in pandas._libs.index._unpack_bool_indexer
KeyError: 'Nation'

The above exception was the direct cause of the following exception:

Traceback (most recent call last):
  File "C:\Users\spoic\OneDrive\Documents\Python Projects\ff-bot\main-playwrite.py", line 182, in get_player_data
    team_away = extract_player_data(tables=tables, home=False, stat_type=stat_type)
  File "C:\Users\spoic\OneDrive\Documents\Python Projects\ff-bot\main-playwrite.py", line 151, in extract_player_data
    df = df[~df['Nation'].isna()]
             ~~^^^^^^^^^^
  File "C:\Users\spoic\OneDrive\Documents\Python Projects\ff-bot\.venv\Lib\site-packages\pandas\core\frame.py", line 4107, in __getitem__
    indexer = self.columns.get_loc(key)
  File "C:\Users\spoic\OneDrive\Documents\Python Projects\ff-bot\.venv\Lib\site-packages\pandas\core\indexes\base.py", line 3819, in get_loc
    raise KeyError(key) from err
KeyError: 'Nation'
2025-10-05 20:36:45,275 - INFO - Waiting between requests...
2025-10-05 20:36:51,245 - INFO - Processing match 2/65: https://fbref.com/en/matches/bbdf4739/Aston-Villa-Newcastle-United-August-16-2025-Premier-League
2025-10-05 20:37:00,248 - INFO - Found 29 tables in match report
2025-10-05 20:37:00,252 - INFO - Added 26 rows to summary player data (total: 57)
2025-10-05 20:37:00,256 - INFO - Saved summary player data to players_summary.csv
2025-10-05 20:37:00,260 - INFO - Added 26 rows to passing player data (total: 57)
2025-10-05 20:37:00,263 - INFO - Saved passing player data to players_passing.csv
2025-10-05 20:37:00,267 - INFO - Added 26 rows to passing_types player data (total: 57)
2025-10-05 20:37:00,269 - INFO - Saved passing_types player data to players_passing_types.csv
2025-10-05 20:37:00,273 - INFO - Added 26 rows to defensive_actions player data (total: 57)
2025-10-05 20:37:00,276 - INFO - Saved defensive_actions player data to players_defensive_actions.csv
2025-10-05 20:37:00,281 - INFO - Added 26 rows to possession player data (total: 57)
2025-10-05 20:37:00,284 - INFO - Saved possession player data to players_possession.csv
2025-10-05 20:37:00,287 - INFO - Added 2 rows to miscellaneous player data (total: 4)
2025-10-05 20:37:00,290 - INFO - Saved miscellaneous player data to players_miscellaneous.csv
2025-10-05 20:37:00,293 - ERROR - Error processing match https://fbref.com/en/matches/bbdf4739/Aston-Villa-Newcastle-United-August-16-2025-Premier-League: 'Nation'
Traceback (most recent call last):
  File "C:\Users\spoic\OneDrive\Documents\Python Projects\ff-bot\.venv\Lib\site-packages\pandas\core\indexes\base.py", line 3812, in get_loc
    return self._engine.get_loc(casted_key)
           ~~~~~~~~~~~~~~~~~~~~^^^^^^^^^^^^
  File "pandas/_libs/index.pyx", line 167, in pandas._libs.index.IndexEngine.get_loc
  File "pandas/_libs/index.pyx", line 191, in pandas._libs.index.IndexEngine.get_loc
  File "pandas/_libs/index.pyx", line 234, in pandas._libs.index.IndexEngine._get_loc_duplicates
  File "pandas/_libs/index.pyx", line 242, in pandas._libs.index.IndexEngine._maybe_get_bool_indexer
  File "pandas/_libs/index.pyx", line 134, in pandas._libs.index._unpack_bool_indexer
KeyError: 'Nation'

The above exception was the direct cause of the following exception:

Traceback (most recent call last):
  File "C:\Users\spoic\OneDrive\Documents\Python Projects\ff-bot\main-playwrite.py", line 182, in get_player_data
    team_away = extract_player_data(tables=tables, home=False, stat_type=stat_type)
  File "C:\Users\spoic\OneDrive\Documents\Python Projects\ff-bot\main-playwrite.py", line 151, in extract_player_data
    df = df[~df['Nation'].isna()]
             ~~^^^^^^^^^^
  File "C:\Users\spoic\OneDrive\Documents\Python Projects\ff-bot\.venv\Lib\site-packages\pandas\core\frame.py", line 4107, in __getitem__
    indexer = self.columns.get_loc(key)
  File "C:\Users\spoic\OneDrive\Documents\Python Projects\ff-bot\.venv\Lib\site-packages\pandas\core\indexes\base.py", line 3819, in get_loc
    raise KeyError(key) from err
KeyError: 'Nation'
2025-10-05 20:37:00,296 - INFO - Waiting between requests...
2025-10-05 20:37:07,804 - INFO - Processing match 3/65: https://fbref.com/en/matches/e1058522/Sunderland-West-Ham-United-August-16-2025-Premier-League
2025-10-05 20:37:16,765 - INFO - Found 29 tables in match report
2025-10-05 20:37:16,769 - INFO - Added 29 rows to summary player data (total: 86)
2025-10-05 20:37:16,773 - INFO - Saved summary player data to players_summary.csv
2025-10-05 20:37:16,777 - INFO - Added 29 rows to passing player data (total: 86)
2025-10-05 20:37:16,780 - INFO - Saved passing player data to players_passing.csv
2025-10-05 20:37:16,784 - INFO - Added 29 rows to passing_types player data (total: 86)
2025-10-05 20:37:16,787 - INFO - Saved passing_types player data to players_passing_types.csv
2025-10-05 20:37:16,790 - INFO - Added 29 rows to defensive_actions player data (total: 86)
2025-10-05 20:37:16,794 - INFO - Saved defensive_actions player data to players_defensive_actions.csv
2025-10-05 20:37:16,798 - INFO - Added 29 rows to possession player data (total: 86)
2025-10-05 20:37:16,801 - INFO - Saved possession player data to players_possession.csv
2025-10-05 20:37:16,805 - INFO - Added 2 rows to miscellaneous player data (total: 6)
2025-10-05 20:37:16,808 - INFO - Saved miscellaneous player data to players_miscellaneous.csv
2025-10-05 20:37:16,811 - ERROR - Error processing match https://fbref.com/en/matches/e1058522/Sunderland-West-Ham-United-August-16-2025-Premier-League: 'Nation'
Traceback (most recent call last):
  File "C:\Users\spoic\OneDrive\Documents\Python Projects\ff-bot\.venv\Lib\site-packages\pandas\core\indexes\base.py", line 3812, in get_loc
    return self._engine.get_loc(casted_key)
           ~~~~~~~~~~~~~~~~~~~~^^^^^^^^^^^^
  File "pandas/_libs/index.pyx", line 167, in pandas._libs.index.IndexEngine.get_loc
  File "pandas/_libs/index.pyx", line 191, in pandas._libs.index.IndexEngine.get_loc
  File "pandas/_libs/index.pyx", line 234, in pandas._libs.index.IndexEngine._get_loc_duplicates
  File "pandas/_libs/index.pyx", line 242, in pandas._libs.index.IndexEngine._maybe_get_bool_indexer
  File "pandas/_libs/index.pyx", line 134, in pandas._libs.index._unpack_bool_indexer
KeyError: 'Nation'

The above exception was the direct cause of the following exception:

Traceback (most recent call last):
  File "C:\Users\spoic\OneDrive\Documents\Python Projects\ff-bot\main-playwrite.py", line 182, in get_player_data
    team_away = extract_player_data(tables=tables, home=False, stat_type=stat_type)
  File "C:\Users\spoic\OneDrive\Documents\Python Projects\ff-bot\main-playwrite.py", line 151, in extract_player_data
    df = df[~df['Nation'].isna()]
             ~~^^^^^^^^^^
  File "C:\Users\spoic\OneDrive\Documents\Python Projects\ff-bot\.venv\Lib\site-packages\pandas\core\frame.py", line 4107, in __getitem__
    indexer = self.columns.get_loc(key)
  File "C:\Users\spoic\OneDrive\Documents\Python Projects\ff-bot\.venv\Lib\site-packages\pandas\core\indexes\base.py", line 3819, in get_loc
    raise KeyError(key) from err
KeyError: 'Nation'
2025-10-05 20:37:16,814 - INFO - Waiting between requests...
2025-10-05 20:37:22,170 - INFO - Processing match 4/65: https://fbref.com/en/matches/d41bb8b3/Tottenham-Hotspur-Burnley-August-16-2025-Premier-League
2025-10-05 20:37:34,525 - INFO - Found 29 tables in match report
2025-10-05 20:37:34,534 - INFO - Added 32 rows to summary player data (total: 118)
2025-10-05 20:37:34,540 - INFO - Saved summary player data to players_summary.csv
2025-10-05 20:37:34,546 - INFO - Added 32 rows to passing player data (total: 118)
2025-10-05 20:37:34,550 - INFO - Saved passing player data to players_passing.csv
2025-10-05 20:37:34,555 - INFO - Added 32 rows to passing_types player data (total: 118)
2025-10-05 20:37:34,558 - INFO - Saved passing_types player data to players_passing_types.csv
2025-10-05 20:37:34,563 - INFO - Added 32 rows to defensive_actions player data (total: 118)
2025-10-05 20:37:34,568 - INFO - Saved defensive_actions player data to players_defensive_actions.csv
2025-10-05 20:37:34,571 - INFO - Added 32 rows to possession player data (total: 118)
2025-10-05 20:37:34,576 - INFO - Saved possession player data to players_possession.csv
2025-10-05 20:37:34,580 - INFO - Added 2 rows to miscellaneous player data (total: 8)
2025-10-05 20:37:34,584 - INFO - Saved miscellaneous player data to players_miscellaneous.csv
2025-10-05 20:37:34,586 - ERROR - Error processing match https://fbref.com/en/matches/d41bb8b3/Tottenham-Hotspur-Burnley-August-16-2025-Premier-League: 'Nation'
Traceback (most recent call last):
  File "C:\Users\spoic\OneDrive\Documents\Python Projects\ff-bot\.venv\Lib\site-packages\pandas\core\indexes\base.py", line 3812, in get_loc
    return self._engine.get_loc(casted_key)
           ~~~~~~~~~~~~~~~~~~~~^^^^^^^^^^^^
  File "pandas/_libs/index.pyx", line 167, in pandas._libs.index.IndexEngine.get_loc
  File "pandas/_libs/index.pyx", line 191, in pandas._libs.index.IndexEngine.get_loc
  File "pandas/_libs/index.pyx", line 234, in pandas._libs.index.IndexEngine._get_loc_duplicates
  File "pandas/_libs/index.pyx", line 242, in pandas._libs.index.IndexEngine._maybe_get_bool_indexer
  File "pandas/_libs/index.pyx", line 134, in pandas._libs.index._unpack_bool_indexer
KeyError: 'Nation'

The above exception was the direct cause of the following exception:

Traceback (most recent call last):
  File "C:\Users\spoic\OneDrive\Documents\Python Projects\ff-bot\main-playwrite.py", line 182, in get_player_data
    team_away = extract_player_data(tables=tables, home=False, stat_type=stat_type)
  File "C:\Users\spoic\OneDrive\Documents\Python Projects\ff-bot\main-playwrite.py", line 151, in extract_player_data
    df = df[~df['Nation'].isna()]
             ~~^^^^^^^^^^
  File "C:\Users\spoic\OneDrive\Documents\Python Projects\ff-bot\.venv\Lib\site-packages\pandas\core\frame.py", line 4107, in __getitem__
    indexer = self.columns.get_loc(key)
  File "C:\Users\spoic\OneDrive\Documents\Python Projects\ff-bot\.venv\Lib\site-packages\pandas\core\indexes\base.py", line 3819, in get_loc
    raise KeyError(key) from err
KeyError: 'Nation'
2025-10-05 20:37:34,589 - INFO - Waiting between requests...
2025-10-05 20:37:42,480 - INFO - Processing match 5/65: https://fbref.com/en/matches/57c49bae/Brighton-and-Hove-Albion-Fulham-August-16-2025-Premier-League
2025-10-05 20:37:53,745 - INFO - Found 30 tables in match report
2025-10-05 20:37:53,749 - INFO - Added 32 rows to summary player data (total: 150)
2025-10-05 20:37:53,754 - INFO - Saved summary player data to players_summary.csv
2025-10-05 20:37:53,759 - INFO - Added 32 rows to passing player data (total: 150)
2025-10-05 20:37:53,764 - INFO - Saved passing player data to players_passing.csv
2025-10-05 20:37:53,769 - INFO - Added 32 rows to passing_types player data (total: 150)
2025-10-05 20:37:53,775 - INFO - Saved passing_types player data to players_passing_types.csv
2025-10-05 20:37:53,780 - INFO - Added 32 rows to defensive_actions player data (total: 150)
2025-10-05 20:37:53,785 - INFO - Saved defensive_actions player data to players_defensive_actions.csv
2025-10-05 20:37:53,789 - INFO - Added 32 rows to possession player data (total: 150)
2025-10-05 20:37:53,794 - INFO - Saved possession player data to players_possession.csv
2025-10-05 20:37:53,799 - INFO - Added 2 rows to miscellaneous player data (total: 10)
2025-10-05 20:37:53,802 - INFO - Saved miscellaneous player data to players_miscellaneous.csv
2025-10-05 20:37:53,805 - ERROR - Error processing match https://fbref.com/en/matches/57c49bae/Brighton-and-Hove-Albion-Fulham-August-16-2025-Premier-League: 'Nation'
Traceback (most recent call last):
  File "C:\Users\spoic\OneDrive\Documents\Python Projects\ff-bot\.venv\Lib\site-packages\pandas\core\indexes\base.py", line 3812, in get_loc
    return self._engine.get_loc(casted_key)
           ~~~~~~~~~~~~~~~~~~~~^^^^^^^^^^^^
  File "pandas/_libs/index.pyx", line 167, in pandas._libs.index.IndexEngine.get_loc
  File "pandas/_libs/index.pyx", line 191, in pandas._libs.index.IndexEngine.get_loc
  File "pandas/_libs/index.pyx", line 234, in pandas._libs.index.IndexEngine._get_loc_duplicates
  File "pandas/_libs/index.pyx", line 242, in pandas._libs.index.IndexEngine._maybe_get_bool_indexer
  File "pandas/_libs/index.pyx", line 134, in pandas._libs.index._unpack_bool_indexer
KeyError: 'Nation'

The above exception was the direct cause of the following exception:

Traceback (most recent call last):
  File "C:\Users\spoic\OneDrive\Documents\Python Projects\ff-bot\main-playwrite.py", line 182, in get_player_data
    team_away = extract_player_data(tables=tables, home=False, stat_type=stat_type)
  File "C:\Users\spoic\OneDrive\Documents\Python Projects\ff-bot\main-playwrite.py", line 151, in extract_player_data
    df = df[~df['Nation'].isna()]
             ~~^^^^^^^^^^
  File "C:\Users\spoic\OneDrive\Documents\Python Projects\ff-bot\.venv\Lib\site-packages\pandas\core\frame.py", line 4107, in __getitem__
    indexer = self.columns.get_loc(key)
  File "C:\Users\spoic\OneDrive\Documents\Python Projects\ff-bot\.venv\Lib\site-packages\pandas\core\indexes\base.py", line 3819, in get_loc
    raise KeyError(key) from err
KeyError: 'Nation'
2025-10-05 20:37:53,809 - INFO - Waiting between requests...
2025-10-05 20:38:00,598 - INFO - Processing match 6/65: https://fbref.com/en/matches/8613020d/Wolverhampton-Wanderers-Manchester-City-August-16-2025-Premier-League
2025-10-05 20:38:11,292 - INFO - Found 29 tables in match report
2025-10-05 20:38:11,296 - INFO - Added 32 rows to summary player data (total: 182)
2025-10-05 20:38:11,300 - INFO - Saved summary player data to players_summary.csv
2025-10-05 20:38:11,303 - INFO - Added 32 rows to passing player data (total: 182)
2025-10-05 20:38:11,307 - INFO - Saved passing player data to players_passing.csv
2025-10-05 20:38:11,311 - INFO - Added 32 rows to passing_types player data (total: 182)
2025-10-05 20:38:11,315 - INFO - Saved passing_types player data to players_passing_types.csv
2025-10-05 20:38:11,319 - INFO - Added 32 rows to defensive_actions player data (total: 182)
2025-10-05 20:38:11,323 - INFO - Saved defensive_actions player data to players_defensive_actions.csv
2025-10-05 20:38:11,327 - INFO - Added 32 rows to possession player data (total: 182)
2025-10-05 20:38:11,332 - INFO - Saved possession player data to players_possession.csv
2025-10-05 20:38:11,335 - INFO - Added 2 rows to miscellaneous player data (total: 12)
2025-10-05 20:38:11,339 - INFO - Saved miscellaneous player data to players_miscellaneous.csv
2025-10-05 20:38:11,341 - ERROR - Error processing match https://fbref.com/en/matches/8613020d/Wolverhampton-Wanderers-Manchester-City-August-16-2025-Premier-League: 'Nation'
Traceback (most recent call last):
  File "C:\Users\spoic\OneDrive\Documents\Python Projects\ff-bot\.venv\Lib\site-packages\pandas\core\indexes\base.py", line 3812, in get_loc
    return self._engine.get_loc(casted_key)
           ~~~~~~~~~~~~~~~~~~~~^^^^^^^^^^^^
  File "pandas/_libs/index.pyx", line 167, in pandas._libs.index.IndexEngine.get_loc
  File "pandas/_libs/index.pyx", line 191, in pandas._libs.index.IndexEngine.get_loc
  File "pandas/_libs/index.pyx", line 234, in pandas._libs.index.IndexEngine._get_loc_duplicates
  File "pandas/_libs/index.pyx", line 242, in pandas._libs.index.IndexEngine._maybe_get_bool_indexer
  File "pandas/_libs/index.pyx", line 134, in pandas._libs.index._unpack_bool_indexer
KeyError: 'Nation'

The above exception was the direct cause of the following exception:

Traceback (most recent call last):
  File "C:\Users\spoic\OneDrive\Documents\Python Projects\ff-bot\main-playwrite.py", line 182, in get_player_data
    team_away = extract_player_data(tables=tables, home=False, stat_type=stat_type)
  File "C:\Users\spoic\OneDrive\Documents\Python Projects\ff-bot\main-playwrite.py", line 151, in extract_player_data
    df = df[~df['Nation'].isna()]
             ~~^^^^^^^^^^
  File "C:\Users\spoic\OneDrive\Documents\Python Projects\ff-bot\.venv\Lib\site-packages\pandas\core\frame.py", line 4107, in __getitem__
    indexer = self.columns.get_loc(key)
  File "C:\Users\spoic\OneDrive\Documents\Python Projects\ff-bot\.venv\Lib\site-packages\pandas\core\indexes\base.py", line 3819, in get_loc
    raise KeyError(key) from err
KeyError: 'Nation'
2025-10-05 20:38:11,344 - INFO - Waiting between requests...
2025-10-05 20:38:17,054 - INFO - Processing match 7/65: https://fbref.com/en/matches/855f8b5e/Nottingham-Forest-Brentford-August-17-2025-Premier-League
2025-10-05 20:38:28,934 - INFO - Found 29 tables in match report
2025-10-05 20:38:28,940 - INFO - Added 29 rows to summary player data (total: 211)
2025-10-05 20:38:28,946 - INFO - Saved summary player data to players_summary.csv
2025-10-05 20:38:28,949 - INFO - Added 29 rows to passing player data (total: 211)
2025-10-05 20:38:28,954 - INFO - Saved passing player data to players_passing.csv
2025-10-05 20:38:28,959 - INFO - Added 29 rows to passing_types player data (total: 211)
2025-10-05 20:38:28,964 - INFO - Saved passing_types player data to players_passing_types.csv
2025-10-05 20:38:28,969 - INFO - Added 29 rows to defensive_actions player data (total: 211)
2025-10-05 20:38:28,975 - INFO - Saved defensive_actions player data to players_defensive_actions.csv
2025-10-05 20:38:28,979 - INFO - Added 29 rows to possession player data (total: 211)
2025-10-05 20:38:28,984 - INFO - Saved possession player data to players_possession.csv
2025-10-05 20:38:28,989 - INFO - Added 2 rows to miscellaneous player data (total: 14)
2025-10-05 20:38:28,993 - INFO - Saved miscellaneous player data to players_miscellaneous.csv
2025-10-05 20:38:28,995 - ERROR - Error processing match https://fbref.com/en/matches/855f8b5e/Nottingham-Forest-Brentford-August-17-2025-Premier-League: 'Nation'
Traceback (most recent call last):
  File "C:\Users\spoic\OneDrive\Documents\Python Projects\ff-bot\.venv\Lib\site-packages\pandas\core\indexes\base.py", line 3812, in get_loc
    return self._engine.get_loc(casted_key)
           ~~~~~~~~~~~~~~~~~~~~^^^^^^^^^^^^
  File "pandas/_libs/index.pyx", line 167, in pandas._libs.index.IndexEngine.get_loc
  File "pandas/_libs/index.pyx", line 191, in pandas._libs.index.IndexEngine.get_loc
  File "pandas/_libs/index.pyx", line 234, in pandas._libs.index.IndexEngine._get_loc_duplicates
  File "pandas/_libs/index.pyx", line 242, in pandas._libs.index.IndexEngine._maybe_get_bool_indexer
  File "pandas/_libs/index.pyx", line 134, in pandas._libs.index._unpack_bool_indexer
KeyError: 'Nation'

The above exception was the direct cause of the following exception:

Traceback (most recent call last):
  File "C:\Users\spoic\OneDrive\Documents\Python Projects\ff-bot\main-playwrite.py", line 182, in get_player_data
    team_away = extract_player_data(tables=tables, home=False, stat_type=stat_type)
  File "C:\Users\spoic\OneDrive\Documents\Python Projects\ff-bot\main-playwrite.py", line 151, in extract_player_data
    df = df[~df['Nation'].isna()]
             ~~^^^^^^^^^^
  File "C:\Users\spoic\OneDrive\Documents\Python Projects\ff-bot\.venv\Lib\site-packages\pandas\core\frame.py", line 4107, in __getitem__
    indexer = self.columns.get_loc(key)
  File "C:\Users\spoic\OneDrive\Documents\Python Projects\ff-bot\.venv\Lib\site-packages\pandas\core\indexes\base.py", line 3819, in get_loc
    raise KeyError(key) from err
KeyError: 'Nation'
2025-10-05 20:38:28,999 - INFO - Waiting between requests...
2025-10-05 20:38:36,902 - INFO - Processing match 8/65: https://fbref.com/en/matches/2185fc64/Chelsea-Crystal-Palace-August-17-2025-Premier-League
2025-10-05 20:38:45,926 - INFO - Found 29 tables in match report
2025-10-05 20:38:45,931 - INFO - Added 28 rows to summary player data (total: 239)
2025-10-05 20:38:45,937 - INFO - Saved summary player data to players_summary.csv
2025-10-05 20:38:45,941 - INFO - Added 28 rows to passing player data (total: 239)
2025-10-05 20:38:45,945 - INFO - Saved passing player data to players_passing.csv
2025-10-05 20:38:45,950 - INFO - Added 28 rows to passing_types player data (total: 239)
2025-10-05 20:38:45,954 - INFO - Saved passing_types player data to players_passing_types.csv
2025-10-05 20:38:45,958 - INFO - Added 28 rows to defensive_actions player data (total: 239)
2025-10-05 20:38:45,963 - INFO - Saved defensive_actions player data to players_defensive_actions.csv
2025-10-05 20:38:45,968 - INFO - Added 28 rows to possession player data (total: 239)
2025-10-05 20:38:45,973 - INFO - Saved possession player data to players_possession.csv
2025-10-05 20:38:45,977 - INFO - Added 2 rows to miscellaneous player data (total: 16)
2025-10-05 20:38:45,981 - INFO - Saved miscellaneous player data to players_miscellaneous.csv
2025-10-05 20:38:45,984 - ERROR - Error processing match https://fbref.com/en/matches/2185fc64/Chelsea-Crystal-Palace-August-17-2025-Premier-League: 'Nation'
Traceback (most recent call last):
  File "C:\Users\spoic\OneDrive\Documents\Python Projects\ff-bot\.venv\Lib\site-packages\pandas\core\indexes\base.py", line 3812, in get_loc
    return self._engine.get_loc(casted_key)
           ~~~~~~~~~~~~~~~~~~~~^^^^^^^^^^^^
  File "pandas/_libs/index.pyx", line 167, in pandas._libs.index.IndexEngine.get_loc
  File "pandas/_libs/index.pyx", line 191, in pandas._libs.index.IndexEngine.get_loc
  File "pandas/_libs/index.pyx", line 234, in pandas._libs.index.IndexEngine._get_loc_duplicates
  File "pandas/_libs/index.pyx", line 242, in pandas._libs.index.IndexEngine._maybe_get_bool_indexer
  File "pandas/_libs/index.pyx", line 134, in pandas._libs.index._unpack_bool_indexer
KeyError: 'Nation'

The above exception was the direct cause of the following exception:

Traceback (most recent call last):
  File "C:\Users\spoic\OneDrive\Documents\Python Projects\ff-bot\main-playwrite.py", line 182, in get_player_data
    team_away = extract_player_data(tables=tables, home=False, stat_type=stat_type)
  File "C:\Users\spoic\OneDrive\Documents\Python Projects\ff-bot\main-playwrite.py", line 151, in extract_player_data
    df = df[~df['Nation'].isna()]
             ~~^^^^^^^^^^
  File "C:\Users\spoic\OneDrive\Documents\Python Projects\ff-bot\.venv\Lib\site-packages\pandas\core\frame.py", line 4107, in __getitem__
    indexer = self.columns.get_loc(key)
  File "C:\Users\spoic\OneDrive\Documents\Python Projects\ff-bot\.venv\Lib\site-packages\pandas\core\indexes\base.py", line 3819, in get_loc
    raise KeyError(key) from err
KeyError: 'Nation'
2025-10-05 20:38:45,987 - INFO - Waiting between requests...
2025-10-05 20:38:53,421 - INFO - Processing match 9/65: https://fbref.com/en/matches/643d26fd/Manchester-United-Arsenal-August-17-2025-Premier-League
2025-10-05 20:39:04,619 - INFO - Found 29 tables in match report
2025-10-05 20:39:04,625 - INFO - Added 31 rows to summary player data (total: 270)
2025-10-05 20:39:04,633 - INFO - Saved summary player data to players_summary.csv
2025-10-05 20:39:04,638 - INFO - Added 31 rows to passing player data (total: 270)
2025-10-05 20:39:04,644 - INFO - Saved passing player data to players_passing.csv
2025-10-05 20:39:04,651 - INFO - Added 31 rows to passing_types player data (total: 270)
2025-10-05 20:39:04,657 - INFO - Saved passing_types player data to players_passing_types.csv
2025-10-05 20:39:04,664 - INFO - Added 31 rows to defensive_actions player data (total: 270)
2025-10-05 20:39:04,671 - INFO - Saved defensive_actions player data to players_defensive_actions.csv
2025-10-05 20:39:04,675 - INFO - Added 31 rows to possession player data (total: 270)
2025-10-05 20:39:04,682 - INFO - Saved possession player data to players_possession.csv
2025-10-05 20:39:04,688 - INFO - Added 2 rows to miscellaneous player data (total: 18)
2025-10-05 20:39:04,691 - INFO - Saved miscellaneous player data to players_miscellaneous.csv
2025-10-05 20:39:04,696 - ERROR - Error processing match https://fbref.com/en/matches/643d26fd/Manchester-United-Arsenal-August-17-2025-Premier-League: 'Nation'
Traceback (most recent call last):
  File "C:\Users\spoic\OneDrive\Documents\Python Projects\ff-bot\.venv\Lib\site-packages\pandas\core\indexes\base.py", line 3812, in get_loc
    return self._engine.get_loc(casted_key)
           ~~~~~~~~~~~~~~~~~~~~^^^^^^^^^^^^
  File "pandas/_libs/index.pyx", line 167, in pandas._libs.index.IndexEngine.get_loc
  File "pandas/_libs/index.pyx", line 191, in pandas._libs.index.IndexEngine.get_loc
  File "pandas/_libs/index.pyx", line 234, in pandas._libs.index.IndexEngine._get_loc_duplicates
  File "pandas/_libs/index.pyx", line 242, in pandas._libs.index.IndexEngine._maybe_get_bool_indexer
  File "pandas/_libs/index.pyx", line 134, in pandas._libs.index._unpack_bool_indexer
KeyError: 'Nation'

The above exception was the direct cause of the following exception:

Traceback (most recent call last):
  File "C:\Users\spoic\OneDrive\Documents\Python Projects\ff-bot\main-playwrite.py", line 182, in get_player_data
    team_away = extract_player_data(tables=tables, home=False, stat_type=stat_type)
  File "C:\Users\spoic\OneDrive\Documents\Python Projects\ff-bot\main-playwrite.py", line 151, in extract_player_data
    df = df[~df['Nation'].isna()]
             ~~^^^^^^^^^^
  File "C:\Users\spoic\OneDrive\Documents\Python Projects\ff-bot\.venv\Lib\site-packages\pandas\core\frame.py", line 4107, in __getitem__
    indexer = self.columns.get_loc(key)
  File "C:\Users\spoic\OneDrive\Documents\Python Projects\ff-bot\.venv\Lib\site-packages\pandas\core\indexes\base.py", line 3819, in get_loc
    raise KeyError(key) from err
KeyError: 'Nation'
2025-10-05 20:39:04,699 - INFO - Waiting between requests...
2025-10-05 20:39:08,207 - ERROR - Task was destroyed but it is pending!
task: <Task pending name='Task-420' coro=<Browser.close() done, defined at C:\Users\spoic\OneDrive\Documents\Python Projects\ff-bot\.venv\Lib\site-packages\playwright\_impl\_browser.py:232> wait_for=<Future pending cb=[Task.task_wakeup()]> cb=[SyncBase._sync.<locals>.<lambda>() at C:\Users\spoic\OneDrive\Documents\Python Projects\ff-bot\.venv\Lib\site-packages\playwright\_impl\_sync_base.py:111, ProtocolCallback.__init__.<locals>.cb() at C:\Users\spoic\OneDrive\Documents\Python Projects\ff-bot\.venv\Lib\site-packages\playwright\_impl\_connection.py:228]>
2025-10-05 20:44:20,140 - INFO - Starting FBRef data collection
2025-10-05 20:44:20,140 - INFO - Processing league: Premier-League from https://fbref.com/en/comps/9/schedule/Premier-League-Scores-and-Fixtures
2025-10-05 20:44:20,141 - INFO - Getting fixture data...
2025-10-05 20:44:21,241 - INFO - Navigating to https://fbref.com/en/comps/9/schedule/Premier-League-Scores-and-Fixtures
2025-10-05 20:44:33,122 - INFO - Found 10 tables on page
2025-10-05 20:44:33,150 - INFO - Fixture table shape: (426, 14)
2025-10-05 20:44:33,151 - INFO - Columns found: ['Wk', 'Day', 'Date', 'Time', 'Home', 'xG', 'Score', 'xG.1', 'Away', 'Attendance', 'Venue', 'Referee', 'Match Report', 'Notes']
2025-10-05 20:44:35,738 - INFO - Found 380 match report links
2025-10-05 20:44:35,739 - INFO - Total fixtures processed: 380
2025-10-05 20:44:35,739 - INFO - Games played: 65
2025-10-05 20:44:35,744 - INFO - Fixture data saved to CSV
2025-10-05 20:44:35,758 - INFO - Sample of processed data:
  Wk  Day        Date   Time         Home xG Home Score xG Away           Away                                       Match Report  game_played              game_id
0  1  Fri  2025-08-15  20:00    Liverpool     2.2   4–2     1.7    Bournemouth  https://fbref.com/en/matches/a071faa8/Liverpoo...         True  1759666718714252820
1  1  Sat  2025-08-16  12:30  Aston Villa     0.2   0–0     1.4  Newcastle Utd  https://fbref.com/en/matches/bbdf4739/Aston-Vi...         True  7460724443402550022
2  1  Sat  2025-08-16  15:00   Sunderland     0.7   3–0     0.6       West Ham  https://fbref.com/en/matches/e1058522/Sunderla...         True  6028078709471999348
3  1  Sat  2025-08-16  15:00    Tottenham     2.3   3–0     0.9        Burnley  https://fbref.com/en/matches/d41bb8b3/Tottenha...         True  1398444668172229701
4  1  Sat  2025-08-16  15:00     Brighton     1.5   1–1     0.7         Fulham  https://fbref.com/en/matches/57c49bae/Brighton...         True -8101771895601449150
2025-10-05 20:44:35,769 - INFO - Sample of processed data from the end:
     Wk  Day        Date   Time             Home xG Home Score xG Away           Away                                       Match Report  game_played              game_id
421  38  Sun  2026-05-24  16:00        Liverpool     NaN   NaN     NaN      Brentford  https://fbref.com/en/stathead/matchup/teams/cd...        False   513153570796688396
422  38  Sun  2026-05-24  16:00           Fulham     NaN   NaN     NaN  Newcastle Utd  https://fbref.com/en/stathead/matchup/teams/fd...        False  7922352516198672399
423  38  Sun  2026-05-24  16:00  Nott'ham Forest     NaN   NaN     NaN    Bournemouth  https://fbref.com/en/stathead/matchup/teams/e4...        False  -227138639103880384
424  38  Sun  2026-05-24  16:00       Sunderland     NaN   NaN     NaN        Chelsea  https://fbref.com/en/stathead/matchup/teams/cf...        False -2783250495061847692
425  38  Sun  2026-05-24  16:00          Burnley     NaN   NaN     NaN         Wolves  https://fbref.com/en/stathead/matchup/teams/94...        False   718978343921943108
2025-10-05 20:44:35,885 - INFO - Successfully retrieved 380 fixtures
2025-10-05 20:44:35,886 - INFO - Getting match links...
2025-10-05 20:44:35,887 - INFO - 65 matches found
2025-10-05 20:44:35,887 - INFO - Starting player data collection
2025-10-05 20:44:36,899 - INFO - Processing match 1/65: https://fbref.com/en/matches/a071faa8/Liverpool-Bournemouth-August-15-2025-Premier-League
2025-10-05 20:44:49,134 - INFO - Found 29 tables in match report
2025-10-05 20:44:49,139 - INFO - Added 31 rows to summary player data (total: 31)
2025-10-05 20:44:49,141 - INFO - Saved summary player data to players_summary.csv
2025-10-05 20:44:49,145 - INFO - Added 31 rows to passing player data (total: 31)
2025-10-05 20:44:49,149 - INFO - Saved passing player data to players_passing.csv
2025-10-05 20:44:49,152 - INFO - Added 31 rows to passing_types player data (total: 31)
2025-10-05 20:44:49,155 - INFO - Saved passing_types player data to players_passing_types.csv
2025-10-05 20:44:49,158 - INFO - Added 31 rows to defensive_actions player data (total: 31)
2025-10-05 20:44:49,161 - INFO - Saved defensive_actions player data to players_defensive_actions.csv
2025-10-05 20:44:49,165 - INFO - Added 31 rows to possession player data (total: 31)
2025-10-05 20:44:49,168 - INFO - Saved possession player data to players_possession.csv
2025-10-05 20:44:49,171 - INFO - Added 31 rows to miscellaneous player data (total: 31)
2025-10-05 20:44:49,174 - INFO - Saved miscellaneous player data to players_miscellaneous.csv
2025-10-05 20:44:49,177 - INFO - Added 2 rows to goalkeeper player data (total: 2)
2025-10-05 20:44:49,180 - INFO - Saved goalkeeper player data to players_goalkeeper.csv
2025-10-05 20:44:49,180 - INFO - Waiting between requests...
2025-10-05 20:44:55,483 - INFO - Processing match 2/65: https://fbref.com/en/matches/bbdf4739/Aston-Villa-Newcastle-United-August-16-2025-Premier-League
2025-10-05 20:45:05,861 - INFO - Found 29 tables in match report
2025-10-05 20:45:05,865 - INFO - Added 26 rows to summary player data (total: 57)
2025-10-05 20:45:05,868 - INFO - Saved summary player data to players_summary.csv
2025-10-05 20:45:05,873 - INFO - Added 26 rows to passing player data (total: 57)
2025-10-05 20:45:05,876 - INFO - Saved passing player data to players_passing.csv
2025-10-05 20:45:05,880 - INFO - Added 26 rows to passing_types player data (total: 57)
2025-10-05 20:45:05,883 - INFO - Saved passing_types player data to players_passing_types.csv
2025-10-05 20:45:05,887 - INFO - Added 26 rows to defensive_actions player data (total: 57)
2025-10-05 20:45:05,890 - INFO - Saved defensive_actions player data to players_defensive_actions.csv
2025-10-05 20:45:05,894 - INFO - Added 26 rows to possession player data (total: 57)
2025-10-05 20:45:05,898 - INFO - Saved possession player data to players_possession.csv
2025-10-05 20:45:05,901 - INFO - Added 26 rows to miscellaneous player data (total: 57)
2025-10-05 20:45:05,905 - INFO - Saved miscellaneous player data to players_miscellaneous.csv
2025-10-05 20:45:05,909 - INFO - Added 2 rows to goalkeeper player data (total: 4)
2025-10-05 20:45:05,912 - INFO - Saved goalkeeper player data to players_goalkeeper.csv
2025-10-05 20:45:05,913 - INFO - Waiting between requests...
2025-10-05 20:45:11,693 - INFO - Processing match 3/65: https://fbref.com/en/matches/e1058522/Sunderland-West-Ham-United-August-16-2025-Premier-League
2025-10-05 20:45:20,139 - INFO - Found 29 tables in match report
2025-10-05 20:45:20,144 - INFO - Added 29 rows to summary player data (total: 86)
2025-10-05 20:45:20,147 - INFO - Saved summary player data to players_summary.csv
2025-10-05 20:45:20,151 - INFO - Added 29 rows to passing player data (total: 86)
2025-10-05 20:45:20,154 - INFO - Saved passing player data to players_passing.csv
2025-10-05 20:45:20,157 - INFO - Added 29 rows to passing_types player data (total: 86)
2025-10-05 20:45:20,161 - INFO - Saved passing_types player data to players_passing_types.csv
2025-10-05 20:45:20,164 - INFO - Added 29 rows to defensive_actions player data (total: 86)
2025-10-05 20:45:20,167 - INFO - Saved defensive_actions player data to players_defensive_actions.csv
2025-10-05 20:45:20,171 - INFO - Added 29 rows to possession player data (total: 86)
2025-10-05 20:45:20,175 - INFO - Saved possession player data to players_possession.csv
2025-10-05 20:45:20,178 - INFO - Added 29 rows to miscellaneous player data (total: 86)
2025-10-05 20:45:20,182 - INFO - Saved miscellaneous player data to players_miscellaneous.csv
2025-10-05 20:45:20,187 - INFO - Added 2 rows to goalkeeper player data (total: 6)
2025-10-05 20:45:20,190 - INFO - Saved goalkeeper player data to players_goalkeeper.csv
2025-10-05 20:45:20,190 - INFO - Waiting between requests...
2025-10-05 20:45:26,216 - INFO - Processing match 4/65: https://fbref.com/en/matches/d41bb8b3/Tottenham-Hotspur-Burnley-August-16-2025-Premier-League
2025-10-05 20:45:36,144 - INFO - Found 29 tables in match report
2025-10-05 20:45:36,148 - INFO - Added 32 rows to summary player data (total: 118)
2025-10-05 20:45:36,152 - INFO - Saved summary player data to players_summary.csv
2025-10-05 20:45:36,157 - INFO - Added 32 rows to passing player data (total: 118)
2025-10-05 20:45:36,160 - INFO - Saved passing player data to players_passing.csv
2025-10-05 20:45:36,164 - INFO - Added 32 rows to passing_types player data (total: 118)
2025-10-05 20:45:36,167 - INFO - Saved passing_types player data to players_passing_types.csv
2025-10-05 20:45:36,171 - INFO - Added 32 rows to defensive_actions player data (total: 118)
2025-10-05 20:45:36,175 - INFO - Saved defensive_actions player data to players_defensive_actions.csv
2025-10-05 20:45:36,178 - INFO - Added 32 rows to possession player data (total: 118)
2025-10-05 20:45:36,182 - INFO - Saved possession player data to players_possession.csv
2025-10-05 20:45:36,186 - INFO - Added 32 rows to miscellaneous player data (total: 118)
2025-10-05 20:45:36,190 - INFO - Saved miscellaneous player data to players_miscellaneous.csv
2025-10-05 20:45:36,194 - INFO - Added 2 rows to goalkeeper player data (total: 8)
2025-10-05 20:45:36,197 - INFO - Saved goalkeeper player data to players_goalkeeper.csv
2025-10-05 20:45:36,198 - INFO - Waiting between requests...
2025-10-05 20:45:42,662 - INFO - Processing match 5/65: https://fbref.com/en/matches/57c49bae/Brighton-and-Hove-Albion-Fulham-August-16-2025-Premier-League
2025-10-05 20:45:51,811 - INFO - Found 30 tables in match report
2025-10-05 20:45:51,816 - INFO - Added 32 rows to summary player data (total: 150)
2025-10-05 20:45:51,821 - INFO - Saved summary player data to players_summary.csv
2025-10-05 20:45:51,826 - INFO - Added 32 rows to passing player data (total: 150)
2025-10-05 20:45:51,830 - INFO - Saved passing player data to players_passing.csv
2025-10-05 20:45:51,834 - INFO - Added 32 rows to passing_types player data (total: 150)
2025-10-05 20:45:51,838 - INFO - Saved passing_types player data to players_passing_types.csv
2025-10-05 20:45:51,843 - INFO - Added 32 rows to defensive_actions player data (total: 150)
2025-10-05 20:45:51,847 - INFO - Saved defensive_actions player data to players_defensive_actions.csv
2025-10-05 20:45:51,850 - INFO - Added 32 rows to possession player data (total: 150)
2025-10-05 20:45:51,856 - INFO - Saved possession player data to players_possession.csv
2025-10-05 20:45:51,861 - INFO - Added 32 rows to miscellaneous player data (total: 150)
2025-10-05 20:45:51,864 - INFO - Saved miscellaneous player data to players_miscellaneous.csv
2025-10-05 20:45:51,869 - INFO - Added 2 rows to goalkeeper player data (total: 10)
2025-10-05 20:45:51,873 - INFO - Saved goalkeeper player data to players_goalkeeper.csv
2025-10-05 20:45:51,873 - INFO - Waiting between requests...
2025-10-05 20:45:58,898 - INFO - Processing match 6/65: https://fbref.com/en/matches/8613020d/Wolverhampton-Wanderers-Manchester-City-August-16-2025-Premier-League
2025-10-05 20:46:07,735 - INFO - Found 29 tables in match report
2025-10-05 20:46:07,739 - INFO - Added 32 rows to summary player data (total: 182)
2025-10-05 20:46:07,743 - INFO - Saved summary player data to players_summary.csv
2025-10-05 20:46:07,748 - INFO - Added 32 rows to passing player data (total: 182)
2025-10-05 20:46:07,754 - INFO - Saved passing player data to players_passing.csv
2025-10-05 20:46:07,757 - INFO - Added 32 rows to passing_types player data (total: 182)
2025-10-05 20:46:07,761 - INFO - Saved passing_types player data to players_passing_types.csv
2025-10-05 20:46:07,765 - INFO - Added 32 rows to defensive_actions player data (total: 182)
2025-10-05 20:46:07,769 - INFO - Saved defensive_actions player data to players_defensive_actions.csv
2025-10-05 20:46:07,774 - INFO - Added 32 rows to possession player data (total: 182)
2025-10-05 20:46:07,778 - INFO - Saved possession player data to players_possession.csv
2025-10-05 20:46:07,782 - INFO - Added 32 rows to miscellaneous player data (total: 182)
2025-10-05 20:46:07,786 - INFO - Saved miscellaneous player data to players_miscellaneous.csv
2025-10-05 20:46:07,791 - INFO - Added 2 rows to goalkeeper player data (total: 12)
2025-10-05 20:46:07,794 - INFO - Saved goalkeeper player data to players_goalkeeper.csv
2025-10-05 20:46:07,794 - INFO - Waiting between requests...
2025-10-05 20:46:14,585 - INFO - Processing match 7/65: https://fbref.com/en/matches/855f8b5e/Nottingham-Forest-Brentford-August-17-2025-Premier-League
2025-10-05 20:46:26,127 - INFO - Found 29 tables in match report
2025-10-05 20:46:26,131 - INFO - Added 29 rows to summary player data (total: 211)
2025-10-05 20:46:26,136 - INFO - Saved summary player data to players_summary.csv
2025-10-05 20:46:26,141 - INFO - Added 29 rows to passing player data (total: 211)
2025-10-05 20:46:26,146 - INFO - Saved passing player data to players_passing.csv
2025-10-05 20:46:26,150 - INFO - Added 29 rows to passing_types player data (total: 211)
2025-10-05 20:46:26,155 - INFO - Saved passing_types player data to players_passing_types.csv
2025-10-05 20:46:26,159 - INFO - Added 29 rows to defensive_actions player data (total: 211)
2025-10-05 20:46:26,164 - INFO - Saved defensive_actions player data to players_defensive_actions.csv
2025-10-05 20:46:26,168 - INFO - Added 29 rows to possession player data (total: 211)
2025-10-05 20:46:26,173 - INFO - Saved possession player data to players_possession.csv
2025-10-05 20:46:26,177 - INFO - Added 29 rows to miscellaneous player data (total: 211)
2025-10-05 20:46:26,182 - INFO - Saved miscellaneous player data to players_miscellaneous.csv
2025-10-05 20:46:26,188 - INFO - Added 2 rows to goalkeeper player data (total: 14)
2025-10-05 20:46:26,191 - INFO - Saved goalkeeper player data to players_goalkeeper.csv
2025-10-05 20:46:26,192 - INFO - Waiting between requests...
2025-10-05 20:46:32,066 - INFO - Processing match 8/65: https://fbref.com/en/matches/2185fc64/Chelsea-Crystal-Palace-August-17-2025-Premier-League
2025-10-05 20:46:40,851 - INFO - Found 29 tables in match report
2025-10-05 20:46:40,856 - INFO - Added 28 rows to summary player data (total: 239)
2025-10-05 20:46:40,862 - INFO - Saved summary player data to players_summary.csv
2025-10-05 20:46:40,866 - INFO - Added 28 rows to passing player data (total: 239)
2025-10-05 20:46:40,873 - INFO - Saved passing player data to players_passing.csv
2025-10-05 20:46:40,878 - INFO - Added 28 rows to passing_types player data (total: 239)
2025-10-05 20:46:40,882 - INFO - Saved passing_types player data to players_passing_types.csv
2025-10-05 20:46:40,887 - INFO - Added 28 rows to defensive_actions player data (total: 239)
2025-10-05 20:46:40,893 - INFO - Saved defensive_actions player data to players_defensive_actions.csv
2025-10-05 20:46:40,897 - INFO - Added 28 rows to possession player data (total: 239)
2025-10-05 20:46:40,902 - INFO - Saved possession player data to players_possession.csv
2025-10-05 20:46:40,906 - INFO - Added 28 rows to miscellaneous player data (total: 239)
2025-10-05 20:46:40,911 - INFO - Saved miscellaneous player data to players_miscellaneous.csv
2025-10-05 20:46:40,915 - INFO - Added 2 rows to goalkeeper player data (total: 16)
2025-10-05 20:46:40,918 - INFO - Saved goalkeeper player data to players_goalkeeper.csv
2025-10-05 20:46:40,918 - INFO - Waiting between requests...
2025-10-05 20:46:48,249 - INFO - Processing match 9/65: https://fbref.com/en/matches/643d26fd/Manchester-United-Arsenal-August-17-2025-Premier-League
2025-10-05 20:46:58,557 - INFO - Found 29 tables in match report
2025-10-05 20:46:58,561 - INFO - Added 31 rows to summary player data (total: 270)
2025-10-05 20:46:58,566 - INFO - Saved summary player data to players_summary.csv
2025-10-05 20:46:58,571 - INFO - Added 31 rows to passing player data (total: 270)
2025-10-05 20:46:58,576 - INFO - Saved passing player data to players_passing.csv
2025-10-05 20:46:58,579 - INFO - Added 31 rows to passing_types player data (total: 270)
2025-10-05 20:46:58,584 - INFO - Saved passing_types player data to players_passing_types.csv
2025-10-05 20:46:58,587 - INFO - Added 31 rows to defensive_actions player data (total: 270)
2025-10-05 20:46:58,592 - INFO - Saved defensive_actions player data to players_defensive_actions.csv
2025-10-05 20:46:58,595 - INFO - Added 31 rows to possession player data (total: 270)
2025-10-05 20:46:58,601 - INFO - Saved possession player data to players_possession.csv
2025-10-05 20:46:58,605 - INFO - Added 31 rows to miscellaneous player data (total: 270)
2025-10-05 20:46:58,609 - INFO - Saved miscellaneous player data to players_miscellaneous.csv
2025-10-05 20:46:58,613 - INFO - Added 2 rows to goalkeeper player data (total: 18)
2025-10-05 20:46:58,616 - INFO - Saved goalkeeper player data to players_goalkeeper.csv
2025-10-05 20:46:58,616 - INFO - Waiting between requests...
2025-10-05 20:47:05,008 - INFO - Processing match 10/65: https://fbref.com/en/matches/0701e218/Leeds-United-Everton-August-18-2025-Premier-League
2025-10-05 20:47:17,673 - INFO - Found 29 tables in match report
2025-10-05 20:47:17,677 - INFO - Added 29 rows to summary player data (total: 299)
2025-10-05 20:47:17,682 - INFO - Saved summary player data to players_summary.csv
2025-10-05 20:47:17,686 - INFO - Added 29 rows to passing player data (total: 299)
2025-10-05 20:47:17,693 - INFO - Saved passing player data to players_passing.csv
2025-10-05 20:47:17,696 - INFO - Added 29 rows to passing_types player data (total: 299)
2025-10-05 20:47:17,701 - INFO - Saved passing_types player data to players_passing_types.csv
2025-10-05 20:47:17,706 - INFO - Added 29 rows to defensive_actions player data (total: 299)
2025-10-05 20:47:17,713 - INFO - Saved defensive_actions player data to players_defensive_actions.csv
2025-10-05 20:47:17,718 - INFO - Added 29 rows to possession player data (total: 299)
2025-10-05 20:47:17,724 - INFO - Saved possession player data to players_possession.csv
2025-10-05 20:47:17,728 - INFO - Added 29 rows to miscellaneous player data (total: 299)
2025-10-05 20:47:17,734 - INFO - Saved miscellaneous player data to players_miscellaneous.csv
2025-10-05 20:47:17,739 - INFO - Added 2 rows to goalkeeper player data (total: 20)
2025-10-05 20:47:17,743 - INFO - Saved goalkeeper player data to players_goalkeeper.csv
2025-10-05 20:47:17,744 - INFO - Waiting between requests...
2025-10-05 20:47:25,373 - INFO - Processing match 11/65: https://fbref.com/en/matches/57b35843/West-Ham-United-Chelsea-August-22-2025-Premier-League
2025-10-05 20:47:34,493 - INFO - Found 29 tables in match report
2025-10-05 20:47:34,498 - INFO - Added 30 rows to summary player data (total: 329)
2025-10-05 20:47:34,506 - INFO - Saved summary player data to players_summary.csv
2025-10-05 20:47:34,511 - INFO - Added 30 rows to passing player data (total: 329)
2025-10-05 20:47:34,519 - INFO - Saved passing player data to players_passing.csv
2025-10-05 20:47:34,523 - INFO - Added 30 rows to passing_types player data (total: 329)
2025-10-05 20:47:34,528 - INFO - Saved passing_types player data to players_passing_types.csv
2025-10-05 20:47:34,532 - INFO - Added 30 rows to defensive_actions player data (total: 329)
2025-10-05 20:47:34,537 - INFO - Saved defensive_actions player data to players_defensive_actions.csv
2025-10-05 20:47:34,541 - INFO - Added 30 rows to possession player data (total: 329)
2025-10-05 20:47:34,547 - INFO - Saved possession player data to players_possession.csv
2025-10-05 20:47:34,552 - INFO - Added 30 rows to miscellaneous player data (total: 329)
2025-10-05 20:47:34,558 - INFO - Saved miscellaneous player data to players_miscellaneous.csv
2025-10-05 20:47:34,562 - INFO - Added 2 rows to goalkeeper player data (total: 22)
2025-10-05 20:47:34,566 - INFO - Saved goalkeeper player data to players_goalkeeper.csv
2025-10-05 20:47:34,567 - INFO - Waiting between requests...
2025-10-05 20:47:41,561 - INFO - Processing match 12/65: https://fbref.com/en/matches/f7e2c9c7/Manchester-City-Tottenham-Hotspur-August-23-2025-Premier-League
2025-10-05 20:47:52,445 - INFO - Found 29 tables in match report
2025-10-05 20:47:52,449 - INFO - Added 31 rows to summary player data (total: 360)
2025-10-05 20:47:52,456 - INFO - Saved summary player data to players_summary.csv
2025-10-05 20:47:52,460 - INFO - Added 31 rows to passing player data (total: 360)
2025-10-05 20:47:52,467 - INFO - Saved passing player data to players_passing.csv
2025-10-05 20:47:52,471 - INFO - Added 31 rows to passing_types player data (total: 360)
2025-10-05 20:47:52,477 - INFO - Saved passing_types player data to players_passing_types.csv
2025-10-05 20:47:52,480 - INFO - Added 31 rows to defensive_actions player data (total: 360)
2025-10-05 20:47:52,487 - INFO - Saved defensive_actions player data to players_defensive_actions.csv
2025-10-05 20:47:52,491 - INFO - Added 31 rows to possession player data (total: 360)
2025-10-05 20:47:52,498 - INFO - Saved possession player data to players_possession.csv
2025-10-05 20:47:52,502 - INFO - Added 31 rows to miscellaneous player data (total: 360)
2025-10-05 20:47:52,509 - INFO - Saved miscellaneous player data to players_miscellaneous.csv
2025-10-05 20:47:52,512 - INFO - Added 2 rows to goalkeeper player data (total: 24)
2025-10-05 20:47:52,515 - INFO - Saved goalkeeper player data to players_goalkeeper.csv
2025-10-05 20:47:52,515 - INFO - Waiting between requests...
2025-10-05 20:47:58,783 - INFO - Processing match 13/65: https://fbref.com/en/matches/a515fb3a/Bournemouth-Wolverhampton-Wanderers-August-23-2025-Premier-League
2025-10-05 20:48:10,605 - INFO - Found 29 tables in match report
2025-10-05 20:48:10,609 - INFO - Added 32 rows to summary player data (total: 392)
2025-10-05 20:48:10,615 - INFO - Saved summary player data to players_summary.csv
2025-10-05 20:48:10,619 - INFO - Added 32 rows to passing player data (total: 392)
2025-10-05 20:48:10,625 - INFO - Saved passing player data to players_passing.csv
2025-10-05 20:48:10,628 - INFO - Added 32 rows to passing_types player data (total: 392)
2025-10-05 20:48:10,633 - INFO - Saved passing_types player data to players_passing_types.csv
2025-10-05 20:48:10,637 - INFO - Added 32 rows to defensive_actions player data (total: 392)
2025-10-05 20:48:10,643 - INFO - Saved defensive_actions player data to players_defensive_actions.csv
2025-10-05 20:48:10,646 - INFO - Added 32 rows to possession player data (total: 392)
2025-10-05 20:48:10,652 - INFO - Saved possession player data to players_possession.csv
2025-10-05 20:48:10,655 - INFO - Added 32 rows to miscellaneous player data (total: 392)
2025-10-05 20:48:10,661 - INFO - Saved miscellaneous player data to players_miscellaneous.csv
2025-10-05 20:48:10,665 - INFO - Added 2 rows to goalkeeper player data (total: 26)
2025-10-05 20:48:10,669 - INFO - Saved goalkeeper player data to players_goalkeeper.csv
2025-10-05 20:48:10,669 - INFO - Waiting between requests...
2025-10-05 20:48:18,345 - INFO - Processing match 14/65: https://fbref.com/en/matches/4e287736/Burnley-Sunderland-August-23-2025-Premier-League
2025-10-05 20:48:28,099 - INFO - Found 29 tables in match report
2025-10-05 20:48:28,102 - INFO - Added 32 rows to summary player data (total: 424)
2025-10-05 20:48:28,109 - INFO - Saved summary player data to players_summary.csv
2025-10-05 20:48:28,113 - INFO - Added 32 rows to passing player data (total: 424)
2025-10-05 20:48:28,121 - INFO - Saved passing player data to players_passing.csv
2025-10-05 20:48:28,126 - INFO - Added 32 rows to passing_types player data (total: 424)
2025-10-05 20:48:28,133 - INFO - Saved passing_types player data to players_passing_types.csv
2025-10-05 20:48:28,137 - INFO - Added 32 rows to defensive_actions player data (total: 424)
2025-10-05 20:48:28,143 - INFO - Saved defensive_actions player data to players_defensive_actions.csv
2025-10-05 20:48:28,146 - INFO - Added 32 rows to possession player data (total: 424)
2025-10-05 20:48:28,153 - INFO - Saved possession player data to players_possession.csv
2025-10-05 20:48:28,157 - INFO - Added 32 rows to miscellaneous player data (total: 424)
2025-10-05 20:48:28,164 - INFO - Saved miscellaneous player data to players_miscellaneous.csv
2025-10-05 20:48:28,167 - INFO - Added 2 rows to goalkeeper player data (total: 28)
2025-10-05 20:48:28,170 - INFO - Saved goalkeeper player data to players_goalkeeper.csv
2025-10-05 20:48:28,171 - INFO - Waiting between requests...
2025-10-05 20:48:33,256 - INFO - Processing match 15/65: https://fbref.com/en/matches/860c7af2/Brentford-Aston-Villa-August-23-2025-Premier-League
2025-10-05 20:48:44,822 - INFO - Found 29 tables in match report
2025-10-05 20:48:44,827 - INFO - Added 32 rows to summary player data (total: 456)
2025-10-05 20:48:44,836 - INFO - Saved summary player data to players_summary.csv
2025-10-05 20:48:44,841 - INFO - Added 32 rows to passing player data (total: 456)
2025-10-05 20:48:44,851 - INFO - Saved passing player data to players_passing.csv
2025-10-05 20:48:44,855 - INFO - Added 32 rows to passing_types player data (total: 456)
2025-10-05 20:48:44,863 - INFO - Saved passing_types player data to players_passing_types.csv
2025-10-05 20:48:44,867 - INFO - Added 32 rows to defensive_actions player data (total: 456)
2025-10-05 20:48:44,874 - INFO - Saved defensive_actions player data to players_defensive_actions.csv
2025-10-05 20:48:44,879 - INFO - Added 32 rows to possession player data (total: 456)
2025-10-05 20:48:44,888 - INFO - Saved possession player data to players_possession.csv
2025-10-05 20:48:44,893 - INFO - Added 32 rows to miscellaneous player data (total: 456)
2025-10-05 20:48:44,900 - INFO - Saved miscellaneous player data to players_miscellaneous.csv
2025-10-05 20:48:44,904 - INFO - Added 2 rows to goalkeeper player data (total: 30)
2025-10-05 20:48:44,908 - INFO - Saved goalkeeper player data to players_goalkeeper.csv
2025-10-05 20:48:44,908 - INFO - Waiting between requests...
2025-10-05 20:48:50,953 - INFO - Processing match 16/65: https://fbref.com/en/matches/e8724659/Arsenal-Leeds-United-August-23-2025-Premier-League
2025-10-05 20:49:03,511 - INFO - Found 29 tables in match report
2025-10-05 20:49:03,517 - INFO - Added 32 rows to summary player data (total: 488)
2025-10-05 20:49:03,532 - INFO - Saved summary player data to players_summary.csv
2025-10-05 20:49:03,537 - INFO - Added 32 rows to passing player data (total: 488)
2025-10-05 20:49:03,552 - INFO - Saved passing player data to players_passing.csv
2025-10-05 20:49:03,558 - INFO - Added 32 rows to passing_types player data (total: 488)
2025-10-05 20:49:03,567 - INFO - Saved passing_types player data to players_passing_types.csv
2025-10-05 20:49:03,573 - INFO - Added 32 rows to defensive_actions player data (total: 488)
2025-10-05 20:49:03,583 - INFO - Saved defensive_actions player data to players_defensive_actions.csv
2025-10-05 20:49:03,587 - INFO - Added 32 rows to possession player data (total: 488)
2025-10-05 20:49:03,596 - INFO - Saved possession player data to players_possession.csv
2025-10-05 20:49:03,602 - INFO - Added 32 rows to miscellaneous player data (total: 488)
2025-10-05 20:49:03,610 - INFO - Saved miscellaneous player data to players_miscellaneous.csv
2025-10-05 20:49:03,616 - INFO - Added 2 rows to goalkeeper player data (total: 32)
2025-10-05 20:49:03,639 - INFO - Saved goalkeeper player data to players_goalkeeper.csv
2025-10-05 20:49:03,651 - INFO - Waiting between requests...
2025-10-05 20:49:11,153 - INFO - Processing match 17/65: https://fbref.com/en/matches/a3984be1/Crystal-Palace-Nottingham-Forest-August-24-2025-Premier-League
2025-10-05 20:49:22,906 - INFO - Found 29 tables in match report
2025-10-05 20:49:22,910 - INFO - Added 30 rows to summary player data (total: 518)
2025-10-05 20:49:22,916 - INFO - Saved summary player data to players_summary.csv
2025-10-05 20:49:22,920 - INFO - Added 30 rows to passing player data (total: 518)
2025-10-05 20:49:22,928 - INFO - Saved passing player data to players_passing.csv
2025-10-05 20:49:22,932 - INFO - Added 30 rows to passing_types player data (total: 518)
2025-10-05 20:49:22,937 - INFO - Saved passing_types player data to players_passing_types.csv
2025-10-05 20:49:22,940 - INFO - Added 30 rows to defensive_actions player data (total: 518)
2025-10-05 20:49:22,946 - INFO - Saved defensive_actions player data to players_defensive_actions.csv
2025-10-05 20:49:22,950 - INFO - Added 30 rows to possession player data (total: 518)
2025-10-05 20:49:22,957 - INFO - Saved possession player data to players_possession.csv
2025-10-05 20:49:22,961 - INFO - Added 30 rows to miscellaneous player data (total: 518)
2025-10-05 20:49:22,968 - INFO - Saved miscellaneous player data to players_miscellaneous.csv
2025-10-05 20:49:22,971 - INFO - Added 2 rows to goalkeeper player data (total: 34)
2025-10-05 20:49:22,975 - INFO - Saved goalkeeper player data to players_goalkeeper.csv
2025-10-05 20:49:22,976 - INFO - Waiting between requests...
2025-10-05 20:49:30,952 - INFO - Processing match 18/65: https://fbref.com/en/matches/0bad74e2/Everton-Brighton-and-Hove-Albion-August-24-2025-Premier-League
2025-10-05 20:49:43,743 - INFO - Found 29 tables in match report
2025-10-05 20:49:43,747 - INFO - Added 30 rows to summary player data (total: 548)
2025-10-05 20:49:43,754 - INFO - Saved summary player data to players_summary.csv
2025-10-05 20:49:43,758 - INFO - Added 30 rows to passing player data (total: 548)
2025-10-05 20:49:43,766 - INFO - Saved passing player data to players_passing.csv
2025-10-05 20:49:43,769 - INFO - Added 30 rows to passing_types player data (total: 548)
2025-10-05 20:49:43,776 - INFO - Saved passing_types player data to players_passing_types.csv
2025-10-05 20:49:43,780 - INFO - Added 30 rows to defensive_actions player data (total: 548)
2025-10-05 20:49:43,786 - INFO - Saved defensive_actions player data to players_defensive_actions.csv
2025-10-05 20:49:43,789 - INFO - Added 30 rows to possession player data (total: 548)
2025-10-05 20:49:43,797 - INFO - Saved possession player data to players_possession.csv
2025-10-05 20:49:43,800 - INFO - Added 30 rows to miscellaneous player data (total: 548)
2025-10-05 20:49:43,807 - INFO - Saved miscellaneous player data to players_miscellaneous.csv
2025-10-05 20:49:43,813 - INFO - Added 2 rows to goalkeeper player data (total: 36)
2025-10-05 20:49:43,818 - INFO - Saved goalkeeper player data to players_goalkeeper.csv
2025-10-05 20:49:43,818 - INFO - Waiting between requests...
2025-10-05 20:49:49,653 - INFO - Processing match 19/65: https://fbref.com/en/matches/fc45a8b2/Fulham-Manchester-United-August-24-2025-Premier-League
2025-10-05 20:50:01,280 - INFO - Found 29 tables in match report
2025-10-05 20:50:01,284 - INFO - Added 31 rows to summary player data (total: 579)
2025-10-05 20:50:01,294 - INFO - Saved summary player data to players_summary.csv
2025-10-05 20:50:01,299 - INFO - Added 31 rows to passing player data (total: 579)
2025-10-05 20:50:01,312 - INFO - Saved passing player data to players_passing.csv
2025-10-05 20:50:01,315 - INFO - Added 31 rows to passing_types player data (total: 579)
2025-10-05 20:50:01,323 - INFO - Saved passing_types player data to players_passing_types.csv
2025-10-05 20:50:01,329 - INFO - Added 31 rows to defensive_actions player data (total: 579)
2025-10-05 20:50:01,337 - INFO - Saved defensive_actions player data to players_defensive_actions.csv
2025-10-05 20:50:01,343 - INFO - Added 31 rows to possession player data (total: 579)
2025-10-05 20:50:01,352 - INFO - Saved possession player data to players_possession.csv
2025-10-05 20:50:01,355 - INFO - Added 31 rows to miscellaneous player data (total: 579)
2025-10-05 20:50:01,363 - INFO - Saved miscellaneous player data to players_miscellaneous.csv
2025-10-05 20:50:01,368 - INFO - Added 2 rows to goalkeeper player data (total: 38)
2025-10-05 20:50:01,371 - INFO - Saved goalkeeper player data to players_goalkeeper.csv
2025-10-05 20:50:01,372 - INFO - Waiting between requests...
2025-10-05 20:50:07,423 - INFO - Processing match 20/65: https://fbref.com/en/matches/2c75d21a/Newcastle-United-Liverpool-August-25-2025-Premier-League
2025-10-05 20:50:16,053 - INFO - Found 29 tables in match report
2025-10-05 20:50:16,059 - INFO - Added 32 rows to summary player data (total: 611)
2025-10-05 20:50:16,069 - INFO - Saved summary player data to players_summary.csv
2025-10-05 20:50:16,073 - INFO - Added 32 rows to passing player data (total: 611)
2025-10-05 20:50:16,083 - INFO - Saved passing player data to players_passing.csv
2025-10-05 20:50:16,087 - INFO - Added 32 rows to passing_types player data (total: 611)
2025-10-05 20:50:16,095 - INFO - Saved passing_types player data to players_passing_types.csv
2025-10-05 20:50:16,099 - INFO - Added 32 rows to defensive_actions player data (total: 611)
2025-10-05 20:50:16,108 - INFO - Saved defensive_actions player data to players_defensive_actions.csv
2025-10-05 20:50:16,112 - INFO - Added 32 rows to possession player data (total: 611)
2025-10-05 20:50:16,121 - INFO - Saved possession player data to players_possession.csv
2025-10-05 20:50:16,125 - INFO - Added 32 rows to miscellaneous player data (total: 611)
2025-10-05 20:50:16,133 - INFO - Saved miscellaneous player data to players_miscellaneous.csv
2025-10-05 20:50:16,137 - INFO - Added 2 rows to goalkeeper player data (total: 40)
2025-10-05 20:50:16,141 - INFO - Saved goalkeeper player data to players_goalkeeper.csv
2025-10-05 20:50:16,142 - INFO - Waiting between requests...
2025-10-05 20:50:21,917 - INFO - Processing match 21/65: https://fbref.com/en/matches/2dbd7fbd/Chelsea-Fulham-August-30-2025-Premier-League
2025-10-05 20:50:30,941 - INFO - Found 29 tables in match report
2025-10-05 20:50:30,946 - INFO - Added 31 rows to summary player data (total: 642)
2025-10-05 20:50:30,955 - INFO - Saved summary player data to players_summary.csv
2025-10-05 20:50:30,961 - INFO - Added 31 rows to passing player data (total: 642)
2025-10-05 20:50:30,971 - INFO - Saved passing player data to players_passing.csv
2025-10-05 20:50:30,976 - INFO - Added 31 rows to passing_types player data (total: 642)
2025-10-05 20:50:30,984 - INFO - Saved passing_types player data to players_passing_types.csv
2025-10-05 20:50:30,988 - INFO - Added 31 rows to defensive_actions player data (total: 642)
2025-10-05 20:50:30,997 - INFO - Saved defensive_actions player data to players_defensive_actions.csv
2025-10-05 20:50:31,001 - INFO - Added 31 rows to possession player data (total: 642)
2025-10-05 20:50:31,011 - INFO - Saved possession player data to players_possession.csv
2025-10-05 20:50:31,015 - INFO - Added 31 rows to miscellaneous player data (total: 642)
2025-10-05 20:50:31,023 - INFO - Saved miscellaneous player data to players_miscellaneous.csv
2025-10-05 20:50:31,027 - INFO - Added 2 rows to goalkeeper player data (total: 42)
2025-10-05 20:50:31,031 - INFO - Saved goalkeeper player data to players_goalkeeper.csv
2025-10-05 20:50:31,031 - INFO - Waiting between requests...
2025-10-05 20:50:37,762 - INFO - Processing match 22/65: https://fbref.com/en/matches/0e30cf4b/Tottenham-Hotspur-Bournemouth-August-30-2025-Premier-League
2025-10-05 20:50:47,577 - INFO - Found 29 tables in match report
2025-10-05 20:50:47,582 - INFO - Added 31 rows to summary player data (total: 673)
2025-10-05 20:50:47,594 - INFO - Saved summary player data to players_summary.csv
2025-10-05 20:50:47,599 - INFO - Added 31 rows to passing player data (total: 673)
2025-10-05 20:50:47,612 - INFO - Saved passing player data to players_passing.csv
2025-10-05 20:50:47,616 - INFO - Added 31 rows to passing_types player data (total: 673)
2025-10-05 20:50:47,627 - INFO - Saved passing_types player data to players_passing_types.csv
2025-10-05 20:50:47,634 - INFO - Added 31 rows to defensive_actions player data (total: 673)
2025-10-05 20:50:47,645 - INFO - Saved defensive_actions player data to players_defensive_actions.csv
2025-10-05 20:50:47,650 - INFO - Added 31 rows to possession player data (total: 673)
2025-10-05 20:50:47,662 - INFO - Saved possession player data to players_possession.csv
2025-10-05 20:50:47,667 - INFO - Added 31 rows to miscellaneous player data (total: 673)
2025-10-05 20:50:47,680 - INFO - Saved miscellaneous player data to players_miscellaneous.csv
2025-10-05 20:50:47,686 - INFO - Added 2 rows to goalkeeper player data (total: 44)
2025-10-05 20:50:47,690 - INFO - Saved goalkeeper player data to players_goalkeeper.csv
2025-10-05 20:50:47,691 - INFO - Waiting between requests...
2025-10-05 20:50:55,137 - INFO - Processing match 23/65: https://fbref.com/en/matches/f03152d1/Sunderland-Brentford-August-30-2025-Premier-League
2025-10-05 20:51:04,103 - INFO - Found 29 tables in match report
2025-10-05 20:51:04,108 - INFO - Added 28 rows to summary player data (total: 701)
2025-10-05 20:51:04,119 - INFO - Saved summary player data to players_summary.csv
2025-10-05 20:51:04,123 - INFO - Added 28 rows to passing player data (total: 701)
2025-10-05 20:51:04,134 - INFO - Saved passing player data to players_passing.csv
2025-10-05 20:51:04,138 - INFO - Added 28 rows to passing_types player data (total: 701)
2025-10-05 20:51:04,145 - INFO - Saved passing_types player data to players_passing_types.csv
2025-10-05 20:51:04,150 - INFO - Added 28 rows to defensive_actions player data (total: 701)
2025-10-05 20:51:04,158 - INFO - Saved defensive_actions player data to players_defensive_actions.csv
2025-10-05 20:51:04,163 - INFO - Added 28 rows to possession player data (total: 701)
2025-10-05 20:51:04,173 - INFO - Saved possession player data to players_possession.csv
2025-10-05 20:51:04,176 - INFO - Added 28 rows to miscellaneous player data (total: 701)
2025-10-05 20:51:04,185 - INFO - Saved miscellaneous player data to players_miscellaneous.csv
2025-10-05 20:51:04,189 - INFO - Added 2 rows to goalkeeper player data (total: 46)
2025-10-05 20:51:04,192 - INFO - Saved goalkeeper player data to players_goalkeeper.csv
2025-10-05 20:51:04,192 - INFO - Waiting between requests...
2025-10-05 20:51:09,582 - INFO - Processing match 24/65: https://fbref.com/en/matches/3c399f5e/Wolverhampton-Wanderers-Everton-August-30-2025-Premier-League
2025-10-05 20:51:22,289 - INFO - Found 29 tables in match report
2025-10-05 20:51:22,293 - INFO - Added 31 rows to summary player data (total: 732)
2025-10-05 20:51:22,302 - INFO - Saved summary player data to players_summary.csv
2025-10-05 20:51:22,305 - INFO - Added 31 rows to passing player data (total: 732)
2025-10-05 20:51:22,315 - INFO - Saved passing player data to players_passing.csv
2025-10-05 20:51:22,319 - INFO - Added 31 rows to passing_types player data (total: 732)
2025-10-05 20:51:22,326 - INFO - Saved passing_types player data to players_passing_types.csv
2025-10-05 20:51:22,330 - INFO - Added 31 rows to defensive_actions player data (total: 732)
2025-10-05 20:51:22,337 - INFO - Saved defensive_actions player data to players_defensive_actions.csv
2025-10-05 20:51:22,341 - INFO - Added 31 rows to possession player data (total: 732)
2025-10-05 20:51:22,350 - INFO - Saved possession player data to players_possession.csv
2025-10-05 20:51:22,353 - INFO - Added 31 rows to miscellaneous player data (total: 732)
2025-10-05 20:51:22,361 - INFO - Saved miscellaneous player data to players_miscellaneous.csv
2025-10-05 20:51:22,365 - INFO - Added 2 rows to goalkeeper player data (total: 48)
2025-10-05 20:51:22,368 - INFO - Saved goalkeeper player data to players_goalkeeper.csv
2025-10-05 20:51:22,368 - INFO - Waiting between requests...
2025-10-05 20:51:29,708 - INFO - Processing match 25/65: https://fbref.com/en/matches/0050df89/Manchester-United-Burnley-August-30-2025-Premier-League
2025-10-05 20:51:40,751 - INFO - Found 29 tables in match report
2025-10-05 20:51:40,755 - INFO - Added 30 rows to summary player data (total: 762)
2025-10-05 20:51:40,765 - INFO - Saved summary player data to players_summary.csv
2025-10-05 20:51:40,768 - INFO - Added 30 rows to passing player data (total: 762)
2025-10-05 20:51:40,778 - INFO - Saved passing player data to players_passing.csv
2025-10-05 20:51:40,782 - INFO - Added 30 rows to passing_types player data (total: 762)
2025-10-05 20:51:40,788 - INFO - Saved passing_types player data to players_passing_types.csv
2025-10-05 20:51:40,792 - INFO - Added 30 rows to defensive_actions player data (total: 762)
2025-10-05 20:51:40,799 - INFO - Saved defensive_actions player data to players_defensive_actions.csv
2025-10-05 20:51:40,803 - INFO - Added 30 rows to possession player data (total: 762)
2025-10-05 20:51:40,811 - INFO - Saved possession player data to players_possession.csv
2025-10-05 20:51:40,816 - INFO - Added 30 rows to miscellaneous player data (total: 762)
2025-10-05 20:51:40,823 - INFO - Saved miscellaneous player data to players_miscellaneous.csv
2025-10-05 20:51:40,827 - INFO - Added 2 rows to goalkeeper player data (total: 50)
2025-10-05 20:51:40,831 - INFO - Saved goalkeeper player data to players_goalkeeper.csv
2025-10-05 20:51:40,831 - INFO - Waiting between requests...
2025-10-05 20:51:46,882 - INFO - Processing match 26/65: https://fbref.com/en/matches/bc110e0b/Leeds-United-Newcastle-United-August-30-2025-Premier-League
2025-10-05 20:51:59,173 - INFO - Found 29 tables in match report
2025-10-05 20:51:59,177 - INFO - Added 30 rows to summary player data (total: 792)
2025-10-05 20:51:59,188 - INFO - Saved summary player data to players_summary.csv
2025-10-05 20:51:59,192 - INFO - Added 30 rows to passing player data (total: 792)
2025-10-05 20:51:59,202 - INFO - Saved passing player data to players_passing.csv
2025-10-05 20:51:59,206 - INFO - Added 30 rows to passing_types player data (total: 792)
2025-10-05 20:51:59,213 - INFO - Saved passing_types player data to players_passing_types.csv
2025-10-05 20:51:59,217 - INFO - Added 30 rows to defensive_actions player data (total: 792)
2025-10-05 20:51:59,224 - INFO - Saved defensive_actions player data to players_defensive_actions.csv
2025-10-05 20:51:59,227 - INFO - Added 30 rows to possession player data (total: 792)
2025-10-05 20:51:59,236 - INFO - Saved possession player data to players_possession.csv
2025-10-05 20:51:59,239 - INFO - Added 30 rows to miscellaneous player data (total: 792)
2025-10-05 20:51:59,246 - INFO - Saved miscellaneous player data to players_miscellaneous.csv
2025-10-05 20:51:59,250 - INFO - Added 2 rows to goalkeeper player data (total: 52)
2025-10-05 20:51:59,253 - INFO - Saved goalkeeper player data to players_goalkeeper.csv
2025-10-05 20:51:59,254 - INFO - Waiting between requests...
2025-10-05 20:52:04,753 - INFO - Processing match 27/65: https://fbref.com/en/matches/299beb27/Nottingham-Forest-West-Ham-United-August-31-2025-Premier-League
2025-10-05 20:52:17,047 - INFO - Found 29 tables in match report
2025-10-05 20:52:17,051 - INFO - Added 29 rows to summary player data (total: 821)
2025-10-05 20:52:17,059 - INFO - Saved summary player data to players_summary.csv
2025-10-05 20:52:17,064 - INFO - Added 29 rows to passing player data (total: 821)
2025-10-05 20:52:17,074 - INFO - Saved passing player data to players_passing.csv
2025-10-05 20:52:17,078 - INFO - Added 29 rows to passing_types player data (total: 821)
2025-10-05 20:52:17,085 - INFO - Saved passing_types player data to players_passing_types.csv
2025-10-05 20:52:17,089 - INFO - Added 29 rows to defensive_actions player data (total: 821)
2025-10-05 20:52:17,099 - INFO - Saved defensive_actions player data to players_defensive_actions.csv
2025-10-05 20:52:17,102 - INFO - Added 29 rows to possession player data (total: 821)
2025-10-05 20:52:17,111 - INFO - Saved possession player data to players_possession.csv
2025-10-05 20:52:17,114 - INFO - Added 29 rows to miscellaneous player data (total: 821)
2025-10-05 20:52:17,122 - INFO - Saved miscellaneous player data to players_miscellaneous.csv
2025-10-05 20:52:17,125 - INFO - Added 2 rows to goalkeeper player data (total: 54)
2025-10-05 20:52:17,128 - INFO - Saved goalkeeper player data to players_goalkeeper.csv
2025-10-05 20:52:17,128 - INFO - Waiting between requests...
2025-10-05 20:52:22,182 - INFO - Processing match 28/65: https://fbref.com/en/matches/810d81e7/Brighton-and-Hove-Albion-Manchester-City-August-31-2025-Premier-League
2025-10-05 20:52:32,016 - INFO - Found 29 tables in match report
2025-10-05 20:52:32,021 - INFO - Added 31 rows to summary player data (total: 852)
2025-10-05 20:52:32,030 - INFO - Saved summary player data to players_summary.csv
2025-10-05 20:52:32,034 - INFO - Added 31 rows to passing player data (total: 852)
2025-10-05 20:52:32,044 - INFO - Saved passing player data to players_passing.csv
2025-10-05 20:52:32,047 - INFO - Added 31 rows to passing_types player data (total: 852)
2025-10-05 20:52:32,054 - INFO - Saved passing_types player data to players_passing_types.csv
2025-10-05 20:52:32,058 - INFO - Added 31 rows to defensive_actions player data (total: 852)
2025-10-05 20:52:32,066 - INFO - Saved defensive_actions player data to players_defensive_actions.csv
2025-10-05 20:52:32,068 - INFO - Added 31 rows to possession player data (total: 852)
2025-10-05 20:52:32,078 - INFO - Saved possession player data to players_possession.csv
2025-10-05 20:52:32,081 - INFO - Added 31 rows to miscellaneous player data (total: 852)
2025-10-05 20:52:32,090 - INFO - Saved miscellaneous player data to players_miscellaneous.csv
2025-10-05 20:52:32,092 - INFO - Added 2 rows to goalkeeper player data (total: 56)
2025-10-05 20:52:32,096 - INFO - Saved goalkeeper player data to players_goalkeeper.csv
2025-10-05 20:52:32,096 - INFO - Waiting between requests...
2025-10-05 20:52:39,135 - INFO - Processing match 29/65: https://fbref.com/en/matches/b0005978/Liverpool-Arsenal-August-31-2025-Premier-League
2025-10-05 20:52:49,756 - INFO - Found 29 tables in match report
2025-10-05 20:52:49,760 - INFO - Added 30 rows to summary player data (total: 882)
2025-10-05 20:52:49,770 - INFO - Saved summary player data to players_summary.csv
2025-10-05 20:52:49,774 - INFO - Added 30 rows to passing player data (total: 882)
2025-10-05 20:52:49,787 - INFO - Saved passing player data to players_passing.csv
2025-10-05 20:52:49,790 - INFO - Added 30 rows to passing_types player data (total: 882)
2025-10-05 20:52:49,797 - INFO - Saved passing_types player data to players_passing_types.csv
2025-10-05 20:52:49,801 - INFO - Added 30 rows to defensive_actions player data (total: 882)
2025-10-05 20:52:49,810 - INFO - Saved defensive_actions player data to players_defensive_actions.csv
2025-10-05 20:52:49,814 - INFO - Added 30 rows to possession player data (total: 882)
2025-10-05 20:52:49,824 - INFO - Saved possession player data to players_possession.csv
2025-10-05 20:52:49,828 - INFO - Added 30 rows to miscellaneous player data (total: 882)
2025-10-05 20:52:49,838 - INFO - Saved miscellaneous player data to players_miscellaneous.csv
2025-10-05 20:52:49,841 - INFO - Added 2 rows to goalkeeper player data (total: 58)
2025-10-05 20:52:49,845 - INFO - Saved goalkeeper player data to players_goalkeeper.csv
2025-10-05 20:52:49,846 - INFO - Waiting between requests...
2025-10-05 20:52:55,381 - INFO - Processing match 30/65: https://fbref.com/en/matches/cd51ed93/Aston-Villa-Crystal-Palace-August-31-2025-Premier-League
2025-10-05 20:53:06,976 - INFO - Found 29 tables in match report
2025-10-05 20:53:06,981 - INFO - Added 31 rows to summary player data (total: 913)
2025-10-05 20:53:06,990 - INFO - Saved summary player data to players_summary.csv
2025-10-05 20:53:06,995 - INFO - Added 31 rows to passing player data (total: 913)
2025-10-05 20:53:07,013 - INFO - Saved passing player data to players_passing.csv
2025-10-05 20:53:07,016 - INFO - Added 31 rows to passing_types player data (total: 913)
2025-10-05 20:53:07,023 - INFO - Saved passing_types player data to players_passing_types.csv
2025-10-05 20:53:07,027 - INFO - Added 31 rows to defensive_actions player data (total: 913)
2025-10-05 20:53:07,035 - INFO - Saved defensive_actions player data to players_defensive_actions.csv
2025-10-05 20:53:07,039 - INFO - Added 31 rows to possession player data (total: 913)
2025-10-05 20:53:07,049 - INFO - Saved possession player data to players_possession.csv
2025-10-05 20:53:07,052 - INFO - Added 31 rows to miscellaneous player data (total: 913)
2025-10-05 20:53:07,061 - INFO - Saved miscellaneous player data to players_miscellaneous.csv
2025-10-05 20:53:07,066 - INFO - Added 2 rows to goalkeeper player data (total: 60)
2025-10-05 20:53:07,069 - INFO - Saved goalkeeper player data to players_goalkeeper.csv
2025-10-05 20:53:07,069 - INFO - Waiting between requests...
2025-10-05 20:53:12,875 - INFO - Processing match 31/65: https://fbref.com/en/matches/4fe3e679/Arsenal-Nottingham-Forest-September-13-2025-Premier-League
2025-10-05 20:53:23,516 - INFO - Found 29 tables in match report
2025-10-05 20:53:23,521 - INFO - Added 32 rows to summary player data (total: 945)
2025-10-05 20:53:23,534 - INFO - Saved summary player data to players_summary.csv
2025-10-05 20:53:23,538 - INFO - Added 32 rows to passing player data (total: 945)
2025-10-05 20:53:23,552 - INFO - Saved passing player data to players_passing.csv
2025-10-05 20:53:23,556 - INFO - Added 32 rows to passing_types player data (total: 945)
2025-10-05 20:53:23,565 - INFO - Saved passing_types player data to players_passing_types.csv
2025-10-05 20:53:23,569 - INFO - Added 32 rows to defensive_actions player data (total: 945)
2025-10-05 20:53:23,579 - INFO - Saved defensive_actions player data to players_defensive_actions.csv
2025-10-05 20:53:23,584 - INFO - Added 32 rows to possession player data (total: 945)
2025-10-05 20:53:23,595 - INFO - Saved possession player data to players_possession.csv
2025-10-05 20:53:23,600 - INFO - Added 32 rows to miscellaneous player data (total: 945)
2025-10-05 20:53:23,610 - INFO - Saved miscellaneous player data to players_miscellaneous.csv
2025-10-05 20:53:23,615 - INFO - Added 2 rows to goalkeeper player data (total: 62)
2025-10-05 20:53:23,618 - INFO - Saved goalkeeper player data to players_goalkeeper.csv
2025-10-05 20:53:23,619 - INFO - Waiting between requests...
2025-10-05 20:53:29,270 - INFO - Processing match 32/65: https://fbref.com/en/matches/a624dc89/Everton-Aston-Villa-September-13-2025-Premier-League
2025-10-05 20:53:39,313 - INFO - Found 29 tables in match report
2025-10-05 20:53:39,318 - INFO - Added 28 rows to summary player data (total: 973)
2025-10-05 20:53:39,332 - INFO - Saved summary player data to players_summary.csv
2025-10-05 20:53:39,337 - INFO - Added 28 rows to passing player data (total: 973)
2025-10-05 20:53:39,353 - INFO - Saved passing player data to players_passing.csv
2025-10-05 20:53:39,357 - INFO - Added 28 rows to passing_types player data (total: 973)
2025-10-05 20:53:39,367 - INFO - Saved passing_types player data to players_passing_types.csv
2025-10-05 20:53:39,372 - INFO - Added 28 rows to defensive_actions player data (total: 973)
2025-10-05 20:53:39,382 - INFO - Saved defensive_actions player data to players_defensive_actions.csv
2025-10-05 20:53:39,386 - INFO - Added 28 rows to possession player data (total: 973)
2025-10-05 20:53:39,398 - INFO - Saved possession player data to players_possession.csv
2025-10-05 20:53:39,402 - INFO - Added 28 rows to miscellaneous player data (total: 973)
2025-10-05 20:53:39,412 - INFO - Saved miscellaneous player data to players_miscellaneous.csv
2025-10-05 20:53:39,417 - INFO - Added 2 rows to goalkeeper player data (total: 64)
2025-10-05 20:53:39,420 - INFO - Saved goalkeeper player data to players_goalkeeper.csv
2025-10-05 20:53:39,421 - INFO - Waiting between requests...
2025-10-05 20:53:47,073 - INFO - Processing match 33/65: https://fbref.com/en/matches/ab8543fb/Fulham-Leeds-United-September-13-2025-Premier-League
2025-10-05 20:53:56,061 - INFO - Found 29 tables in match report
2025-10-05 20:53:56,065 - INFO - Added 31 rows to summary player data (total: 1004)
2025-10-05 20:53:56,078 - INFO - Saved summary player data to players_summary.csv
2025-10-05 20:53:56,083 - INFO - Added 31 rows to passing player data (total: 1004)
2025-10-05 20:53:56,099 - INFO - Saved passing player data to players_passing.csv
2025-10-05 20:53:56,102 - INFO - Added 31 rows to passing_types player data (total: 1004)
2025-10-05 20:53:56,112 - INFO - Saved passing_types player data to players_passing_types.csv
2025-10-05 20:53:56,117 - INFO - Added 31 rows to defensive_actions player data (total: 1004)
2025-10-05 20:53:56,128 - INFO - Saved defensive_actions player data to players_defensive_actions.csv
2025-10-05 20:53:56,133 - INFO - Added 31 rows to possession player data (total: 1004)
2025-10-05 20:53:56,149 - INFO - Saved possession player data to players_possession.csv
2025-10-05 20:53:56,153 - INFO - Added 31 rows to miscellaneous player data (total: 1004)
2025-10-05 20:53:56,166 - INFO - Saved miscellaneous player data to players_miscellaneous.csv
2025-10-05 20:53:56,170 - INFO - Added 2 rows to goalkeeper player data (total: 66)
2025-10-05 20:53:56,174 - INFO - Saved goalkeeper player data to players_goalkeeper.csv
2025-10-05 20:53:56,174 - INFO - Waiting between requests...
2025-10-05 20:54:02,983 - INFO - Processing match 34/65: https://fbref.com/en/matches/55fbbbe6/Newcastle-United-Wolverhampton-Wanderers-September-13-2025-Premier-League
2025-10-05 20:54:12,252 - INFO - Found 29 tables in match report
2025-10-05 20:54:12,257 - INFO - Added 31 rows to summary player data (total: 1035)
2025-10-05 20:54:12,269 - INFO - Saved summary player data to players_summary.csv
2025-10-05 20:54:12,273 - INFO - Added 31 rows to passing player data (total: 1035)
2025-10-05 20:54:12,286 - INFO - Saved passing player data to players_passing.csv
2025-10-05 20:54:12,290 - INFO - Added 31 rows to passing_types player data (total: 1035)
2025-10-05 20:54:12,300 - INFO - Saved passing_types player data to players_passing_types.csv
2025-10-05 20:54:12,303 - INFO - Added 31 rows to defensive_actions player data (total: 1035)
2025-10-05 20:54:12,313 - INFO - Saved defensive_actions player data to players_defensive_actions.csv
2025-10-05 20:54:12,317 - INFO - Added 31 rows to possession player data (total: 1035)
2025-10-05 20:54:12,327 - INFO - Saved possession player data to players_possession.csv
2025-10-05 20:54:12,332 - INFO - Added 31 rows to miscellaneous player data (total: 1035)
2025-10-05 20:54:12,341 - INFO - Saved miscellaneous player data to players_miscellaneous.csv
2025-10-05 20:54:12,344 - INFO - Added 2 rows to goalkeeper player data (total: 68)
2025-10-05 20:54:12,349 - INFO - Saved goalkeeper player data to players_goalkeeper.csv
2025-10-05 20:54:12,349 - INFO - Waiting between requests...
2025-10-05 20:54:18,357 - INFO - Processing match 35/65: https://fbref.com/en/matches/e3cade07/Crystal-Palace-Sunderland-September-13-2025-Premier-League
2025-10-05 20:54:29,188 - INFO - Found 29 tables in match report
2025-10-05 20:54:29,192 - INFO - Added 27 rows to summary player data (total: 1062)
2025-10-05 20:54:29,204 - INFO - Saved summary player data to players_summary.csv
2025-10-05 20:54:29,208 - INFO - Added 27 rows to passing player data (total: 1062)
2025-10-05 20:54:29,220 - INFO - Saved passing player data to players_passing.csv
2025-10-05 20:54:29,225 - INFO - Added 27 rows to passing_types player data (total: 1062)
2025-10-05 20:54:29,232 - INFO - Saved passing_types player data to players_passing_types.csv
2025-10-05 20:54:29,236 - INFO - Added 27 rows to defensive_actions player data (total: 1062)
2025-10-05 20:54:29,245 - INFO - Saved defensive_actions player data to players_defensive_actions.csv
2025-10-05 20:54:29,249 - INFO - Added 27 rows to possession player data (total: 1062)
2025-10-05 20:54:29,260 - INFO - Saved possession player data to players_possession.csv
2025-10-05 20:54:29,262 - INFO - Added 27 rows to miscellaneous player data (total: 1062)
2025-10-05 20:54:29,272 - INFO - Saved miscellaneous player data to players_miscellaneous.csv
2025-10-05 20:54:29,275 - INFO - Added 2 rows to goalkeeper player data (total: 70)
2025-10-05 20:54:29,278 - INFO - Saved goalkeeper player data to players_goalkeeper.csv
2025-10-05 20:54:29,278 - INFO - Waiting between requests...
2025-10-05 20:54:36,039 - INFO - Processing match 36/65: https://fbref.com/en/matches/8398bbef/Bournemouth-Brighton-and-Hove-Albion-September-13-2025-Premier-League
2025-10-05 20:54:45,637 - INFO - Found 29 tables in match report
2025-10-05 20:54:45,642 - INFO - Added 32 rows to summary player data (total: 1094)
2025-10-05 20:54:45,655 - INFO - Saved summary player data to players_summary.csv
2025-10-05 20:54:45,663 - INFO - Added 32 rows to passing player data (total: 1094)
2025-10-05 20:54:45,681 - INFO - Saved passing player data to players_passing.csv
2025-10-05 20:54:45,685 - INFO - Added 32 rows to passing_types player data (total: 1094)
2025-10-05 20:54:45,695 - INFO - Saved passing_types player data to players_passing_types.csv
2025-10-05 20:54:45,698 - INFO - Added 32 rows to defensive_actions player data (total: 1094)
2025-10-05 20:54:45,707 - INFO - Saved defensive_actions player data to players_defensive_actions.csv
2025-10-05 20:54:45,711 - INFO - Added 32 rows to possession player data (total: 1094)
2025-10-05 20:54:45,724 - INFO - Saved possession player data to players_possession.csv
2025-10-05 20:54:45,728 - INFO - Added 32 rows to miscellaneous player data (total: 1094)
2025-10-05 20:54:45,740 - INFO - Saved miscellaneous player data to players_miscellaneous.csv
2025-10-05 20:54:45,743 - INFO - Added 2 rows to goalkeeper player data (total: 72)
2025-10-05 20:54:45,748 - INFO - Saved goalkeeper player data to players_goalkeeper.csv
2025-10-05 20:54:45,748 - INFO - Waiting between requests...
2025-10-05 20:54:51,087 - INFO - Processing match 37/65: https://fbref.com/en/matches/86c7261a/West-Ham-United-Tottenham-Hotspur-September-13-2025-Premier-League
2025-10-05 20:55:02,695 - INFO - Found 29 tables in match report
2025-10-05 20:55:02,699 - INFO - Added 31 rows to summary player data (total: 1125)
2025-10-05 20:55:02,712 - INFO - Saved summary player data to players_summary.csv
2025-10-05 20:55:02,717 - INFO - Added 31 rows to passing player data (total: 1125)
2025-10-05 20:55:02,731 - INFO - Saved passing player data to players_passing.csv
2025-10-05 20:55:02,735 - INFO - Added 31 rows to passing_types player data (total: 1125)
2025-10-05 20:55:02,744 - INFO - Saved passing_types player data to players_passing_types.csv
2025-10-05 20:55:02,749 - INFO - Added 31 rows to defensive_actions player data (total: 1125)
2025-10-05 20:55:02,759 - INFO - Saved defensive_actions player data to players_defensive_actions.csv
2025-10-05 20:55:02,762 - INFO - Added 31 rows to possession player data (total: 1125)
2025-10-05 20:55:02,774 - INFO - Saved possession player data to players_possession.csv
2025-10-05 20:55:02,777 - INFO - Added 31 rows to miscellaneous player data (total: 1125)
2025-10-05 20:55:02,790 - INFO - Saved miscellaneous player data to players_miscellaneous.csv
2025-10-05 20:55:02,793 - INFO - Added 2 rows to goalkeeper player data (total: 74)
2025-10-05 20:55:02,797 - INFO - Saved goalkeeper player data to players_goalkeeper.csv
2025-10-05 20:55:02,797 - INFO - Waiting between requests...
2025-10-05 20:55:09,681 - INFO - Processing match 38/65: https://fbref.com/en/matches/d8104c65/Brentford-Chelsea-September-13-2025-Premier-League
2025-10-05 20:55:19,974 - INFO - Found 29 tables in match report
2025-10-05 20:55:19,980 - INFO - Added 32 rows to summary player data (total: 1157)
2025-10-05 20:55:19,998 - INFO - Saved summary player data to players_summary.csv
2025-10-05 20:55:20,003 - INFO - Added 32 rows to passing player data (total: 1157)
2025-10-05 20:55:20,023 - INFO - Saved passing player data to players_passing.csv
2025-10-05 20:55:20,027 - INFO - Added 32 rows to passing_types player data (total: 1157)
2025-10-05 20:55:20,040 - INFO - Saved passing_types player data to players_passing_types.csv
2025-10-05 20:55:20,046 - INFO - Added 32 rows to defensive_actions player data (total: 1157)
2025-10-05 20:55:20,060 - INFO - Saved defensive_actions player data to players_defensive_actions.csv
2025-10-05 20:55:20,066 - INFO - Added 32 rows to possession player data (total: 1157)
2025-10-05 20:55:20,081 - INFO - Saved possession player data to players_possession.csv
2025-10-05 20:55:20,086 - INFO - Added 32 rows to miscellaneous player data (total: 1157)
2025-10-05 20:55:20,099 - INFO - Saved miscellaneous player data to players_miscellaneous.csv
2025-10-05 20:55:20,103 - INFO - Added 2 rows to goalkeeper player data (total: 76)
2025-10-05 20:55:20,107 - INFO - Saved goalkeeper player data to players_goalkeeper.csv
2025-10-05 20:55:20,108 - INFO - Waiting between requests...
2025-10-05 20:55:26,676 - INFO - Processing match 39/65: https://fbref.com/en/matches/fed27aaa/Burnley-Liverpool-September-14-2025-Premier-League
2025-10-05 20:55:37,146 - INFO - Found 29 tables in match report
2025-10-05 20:55:37,151 - INFO - Added 31 rows to summary player data (total: 1188)
2025-10-05 20:55:37,167 - INFO - Saved summary player data to players_summary.csv
2025-10-05 20:55:37,172 - INFO - Added 31 rows to passing player data (total: 1188)
2025-10-05 20:55:37,191 - INFO - Saved passing player data to players_passing.csv
2025-10-05 20:55:37,195 - INFO - Added 31 rows to passing_types player data (total: 1188)
2025-10-05 20:55:37,209 - INFO - Saved passing_types player data to players_passing_types.csv
2025-10-05 20:55:37,213 - INFO - Added 31 rows to defensive_actions player data (total: 1188)
2025-10-05 20:55:37,227 - INFO - Saved defensive_actions player data to players_defensive_actions.csv
2025-10-05 20:55:37,233 - INFO - Added 31 rows to possession player data (total: 1188)
2025-10-05 20:55:37,251 - INFO - Saved possession player data to players_possession.csv
2025-10-05 20:55:37,257 - INFO - Added 31 rows to miscellaneous player data (total: 1188)
2025-10-05 20:55:37,272 - INFO - Saved miscellaneous player data to players_miscellaneous.csv
2025-10-05 20:55:37,277 - INFO - Added 2 rows to goalkeeper player data (total: 78)
2025-10-05 20:55:37,282 - INFO - Saved goalkeeper player data to players_goalkeeper.csv
2025-10-05 20:55:37,283 - INFO - Waiting between requests...
2025-10-05 20:55:42,316 - INFO - Processing match 40/65: https://fbref.com/en/matches/f2b1061a/Manchester-Derby-Manchester-City-Manchester-United-September-14-2025-Premier-League
2025-10-05 20:55:54,035 - INFO - Found 29 tables in match report
2025-10-05 20:55:54,041 - INFO - Added 30 rows to summary player data (total: 1218)
2025-10-05 20:55:54,057 - INFO - Saved summary player data to players_summary.csv
2025-10-05 20:55:54,061 - INFO - Added 30 rows to passing player data (total: 1218)
2025-10-05 20:55:54,080 - INFO - Saved passing player data to players_passing.csv
2025-10-05 20:55:54,085 - INFO - Added 30 rows to passing_types player data (total: 1218)
2025-10-05 20:55:54,097 - INFO - Saved passing_types player data to players_passing_types.csv
2025-10-05 20:55:54,103 - INFO - Added 30 rows to defensive_actions player data (total: 1218)
2025-10-05 20:55:54,116 - INFO - Saved defensive_actions player data to players_defensive_actions.csv
2025-10-05 20:55:54,120 - INFO - Added 30 rows to possession player data (total: 1218)
2025-10-05 20:55:54,138 - INFO - Saved possession player data to players_possession.csv
2025-10-05 20:55:54,143 - INFO - Added 30 rows to miscellaneous player data (total: 1218)
2025-10-05 20:55:54,158 - INFO - Saved miscellaneous player data to players_miscellaneous.csv
2025-10-05 20:55:54,162 - INFO - Added 2 rows to goalkeeper player data (total: 80)
2025-10-05 20:55:54,167 - INFO - Saved goalkeeper player data to players_goalkeeper.csv
2025-10-05 20:55:54,167 - INFO - Waiting between requests...
2025-10-05 20:56:01,228 - INFO - Processing match 41/65: https://fbref.com/en/matches/5da72d0e/Merseyside-Derby-Liverpool-Everton-September-20-2025-Premier-League
2025-10-05 20:56:13,432 - INFO - Found 29 tables in match report
2025-10-05 20:56:13,436 - INFO - Added 28 rows to summary player data (total: 1246)
2025-10-05 20:56:13,449 - INFO - Saved summary player data to players_summary.csv
2025-10-05 20:56:13,453 - INFO - Added 28 rows to passing player data (total: 1246)
2025-10-05 20:56:13,469 - INFO - Saved passing player data to players_passing.csv
2025-10-05 20:56:13,472 - INFO - Added 28 rows to passing_types player data (total: 1246)
2025-10-05 20:56:13,483 - INFO - Saved passing_types player data to players_passing_types.csv
2025-10-05 20:56:13,487 - INFO - Added 28 rows to defensive_actions player data (total: 1246)
2025-10-05 20:56:13,498 - INFO - Saved defensive_actions player data to players_defensive_actions.csv
2025-10-05 20:56:13,502 - INFO - Added 28 rows to possession player data (total: 1246)
2025-10-05 20:56:13,514 - INFO - Saved possession player data to players_possession.csv
2025-10-05 20:56:13,519 - INFO - Added 28 rows to miscellaneous player data (total: 1246)
2025-10-05 20:56:13,529 - INFO - Saved miscellaneous player data to players_miscellaneous.csv
2025-10-05 20:56:13,533 - INFO - Added 2 rows to goalkeeper player data (total: 82)
2025-10-05 20:56:13,537 - INFO - Saved goalkeeper player data to players_goalkeeper.csv
2025-10-05 20:56:13,537 - INFO - Waiting between requests...
2025-10-05 20:56:19,996 - INFO - Processing match 42/65: https://fbref.com/en/matches/15b707b3/West-Ham-United-Crystal-Palace-September-20-2025-Premier-League
2025-10-05 20:56:29,834 - INFO - Found 29 tables in match report
2025-10-05 20:56:29,838 - INFO - Added 28 rows to summary player data (total: 1274)
2025-10-05 20:56:29,854 - INFO - Saved summary player data to players_summary.csv
2025-10-05 20:56:29,859 - INFO - Added 28 rows to passing player data (total: 1274)
2025-10-05 20:56:29,880 - INFO - Saved passing player data to players_passing.csv
2025-10-05 20:56:29,884 - INFO - Added 28 rows to passing_types player data (total: 1274)
2025-10-05 20:56:29,897 - INFO - Saved passing_types player data to players_passing_types.csv
2025-10-05 20:56:29,901 - INFO - Added 28 rows to defensive_actions player data (total: 1274)
2025-10-05 20:56:29,915 - INFO - Saved defensive_actions player data to players_defensive_actions.csv
2025-10-05 20:56:29,920 - INFO - Added 28 rows to possession player data (total: 1274)
2025-10-05 20:56:29,936 - INFO - Saved possession player data to players_possession.csv
2025-10-05 20:56:29,940 - INFO - Added 28 rows to miscellaneous player data (total: 1274)
2025-10-05 20:56:29,954 - INFO - Saved miscellaneous player data to players_miscellaneous.csv
2025-10-05 20:56:29,959 - INFO - Added 2 rows to goalkeeper player data (total: 84)
2025-10-05 20:56:29,963 - INFO - Saved goalkeeper player data to players_goalkeeper.csv
2025-10-05 20:56:29,963 - INFO - Waiting between requests...
2025-10-05 20:56:35,367 - INFO - Processing match 43/65: https://fbref.com/en/matches/fa03feeb/Brighton-and-Hove-Albion-Tottenham-Hotspur-September-20-2025-Premier-League
2025-10-05 20:56:46,252 - INFO - Found 29 tables in match report
2025-10-05 20:56:46,257 - INFO - Added 31 rows to summary player data (total: 1305)
2025-10-05 20:56:46,276 - INFO - Saved summary player data to players_summary.csv
2025-10-05 20:56:46,282 - INFO - Added 31 rows to passing player data (total: 1305)
2025-10-05 20:56:46,306 - INFO - Saved passing player data to players_passing.csv
2025-10-05 20:56:46,310 - INFO - Added 31 rows to passing_types player data (total: 1305)
2025-10-05 20:56:46,323 - INFO - Saved passing_types player data to players_passing_types.csv
2025-10-05 20:56:46,329 - INFO - Added 31 rows to defensive_actions player data (total: 1305)
2025-10-05 20:56:46,344 - INFO - Saved defensive_actions player data to players_defensive_actions.csv
2025-10-05 20:56:46,349 - INFO - Added 31 rows to possession player data (total: 1305)
2025-10-05 20:56:46,366 - INFO - Saved possession player data to players_possession.csv
2025-10-05 20:56:46,371 - INFO - Added 31 rows to miscellaneous player data (total: 1305)
2025-10-05 20:56:46,385 - INFO - Saved miscellaneous player data to players_miscellaneous.csv
2025-10-05 20:56:46,390 - INFO - Added 2 rows to goalkeeper player data (total: 86)
2025-10-05 20:56:46,394 - INFO - Saved goalkeeper player data to players_goalkeeper.csv
2025-10-05 20:56:46,395 - INFO - Waiting between requests...
2025-10-05 20:56:52,928 - INFO - Processing match 44/65: https://fbref.com/en/matches/45650a33/Wolverhampton-Wanderers-Leeds-United-September-20-2025-Premier-League
2025-10-05 20:57:03,406 - INFO - Found 29 tables in match report
2025-10-05 20:57:03,410 - INFO - Added 32 rows to summary player data (total: 1337)
2025-10-05 20:57:03,424 - INFO - Saved summary player data to players_summary.csv
2025-10-05 20:57:03,428 - INFO - Added 32 rows to passing player data (total: 1337)
2025-10-05 20:57:03,443 - INFO - Saved passing player data to players_passing.csv
2025-10-05 20:57:03,447 - INFO - Added 32 rows to passing_types player data (total: 1337)
2025-10-05 20:57:03,457 - INFO - Saved passing_types player data to players_passing_types.csv
2025-10-05 20:57:03,460 - INFO - Added 32 rows to defensive_actions player data (total: 1337)
2025-10-05 20:57:03,471 - INFO - Saved defensive_actions player data to players_defensive_actions.csv
2025-10-05 20:57:03,474 - INFO - Added 32 rows to possession player data (total: 1337)
2025-10-05 20:57:03,487 - INFO - Saved possession player data to players_possession.csv
2025-10-05 20:57:03,490 - INFO - Added 32 rows to miscellaneous player data (total: 1337)
2025-10-05 20:57:03,502 - INFO - Saved miscellaneous player data to players_miscellaneous.csv
2025-10-05 20:57:03,506 - INFO - Added 2 rows to goalkeeper player data (total: 88)
2025-10-05 20:57:03,509 - INFO - Saved goalkeeper player data to players_goalkeeper.csv
2025-10-05 20:57:03,510 - INFO - Waiting between requests...
2025-10-05 20:57:10,607 - INFO - Processing match 45/65: https://fbref.com/en/matches/e523c1cd/Burnley-Nottingham-Forest-September-20-2025-Premier-League
2025-10-05 20:57:22,290 - INFO - Found 29 tables in match report
2025-10-05 20:57:22,295 - INFO - Added 28 rows to summary player data (total: 1365)
2025-10-05 20:57:22,310 - INFO - Saved summary player data to players_summary.csv
2025-10-05 20:57:22,314 - INFO - Added 28 rows to passing player data (total: 1365)
2025-10-05 20:57:22,332 - INFO - Saved passing player data to players_passing.csv
2025-10-05 20:57:22,337 - INFO - Added 28 rows to passing_types player data (total: 1365)
2025-10-05 20:57:22,347 - INFO - Saved passing_types player data to players_passing_types.csv
2025-10-05 20:57:22,350 - INFO - Added 28 rows to defensive_actions player data (total: 1365)
2025-10-05 20:57:22,361 - INFO - Saved defensive_actions player data to players_defensive_actions.csv
2025-10-05 20:57:22,365 - INFO - Added 28 rows to possession player data (total: 1365)
2025-10-05 20:57:22,378 - INFO - Saved possession player data to players_possession.csv
2025-10-05 20:57:22,382 - INFO - Added 28 rows to miscellaneous player data (total: 1365)
2025-10-05 20:57:22,393 - INFO - Saved miscellaneous player data to players_miscellaneous.csv
2025-10-05 20:57:22,397 - INFO - Added 2 rows to goalkeeper player data (total: 90)
2025-10-05 20:57:22,401 - INFO - Saved goalkeeper player data to players_goalkeeper.csv
2025-10-05 20:57:22,401 - INFO - Waiting between requests...
2025-10-05 20:57:28,380 - INFO - Processing match 46/65: https://fbref.com/en/matches/a562da13/Manchester-United-Chelsea-September-20-2025-Premier-League
2025-10-05 20:57:37,777 - INFO - Found 29 tables in match report
2025-10-05 20:57:37,780 - INFO - Added 32 rows to summary player data (total: 1397)
2025-10-05 20:57:37,794 - INFO - Saved summary player data to players_summary.csv
2025-10-05 20:57:37,797 - INFO - Added 32 rows to passing player data (total: 1397)
2025-10-05 20:57:37,814 - INFO - Saved passing player data to players_passing.csv
2025-10-05 20:57:37,817 - INFO - Added 32 rows to passing_types player data (total: 1397)
2025-10-05 20:57:37,828 - INFO - Saved passing_types player data to players_passing_types.csv
2025-10-05 20:57:37,832 - INFO - Added 32 rows to defensive_actions player data (total: 1397)
2025-10-05 20:57:37,844 - INFO - Saved defensive_actions player data to players_defensive_actions.csv
2025-10-05 20:57:37,847 - INFO - Added 32 rows to possession player data (total: 1397)
2025-10-05 20:57:37,860 - INFO - Saved possession player data to players_possession.csv
2025-10-05 20:57:37,863 - INFO - Added 32 rows to miscellaneous player data (total: 1397)
2025-10-05 20:57:37,875 - INFO - Saved miscellaneous player data to players_miscellaneous.csv
2025-10-05 20:57:37,879 - INFO - Added 3 rows to goalkeeper player data (total: 93)
2025-10-05 20:57:37,883 - INFO - Saved goalkeeper player data to players_goalkeeper.csv
2025-10-05 20:57:37,883 - INFO - Waiting between requests...
2025-10-05 20:57:44,772 - INFO - Processing match 47/65: https://fbref.com/en/matches/295b388b/Fulham-Brentford-September-20-2025-Premier-League
2025-10-05 20:57:56,516 - INFO - Found 29 tables in match report
2025-10-05 20:57:56,523 - INFO - Added 32 rows to summary player data (total: 1429)
2025-10-05 20:57:56,554 - INFO - Saved summary player data to players_summary.csv
2025-10-05 20:57:56,561 - INFO - Added 32 rows to passing player data (total: 1429)
2025-10-05 20:57:56,591 - INFO - Saved passing player data to players_passing.csv
2025-10-05 20:57:56,596 - INFO - Added 32 rows to passing_types player data (total: 1429)
2025-10-05 20:57:56,665 - INFO - Saved passing_types player data to players_passing_types.csv
2025-10-05 20:57:56,669 - INFO - Added 32 rows to defensive_actions player data (total: 1429)
2025-10-05 20:57:56,686 - INFO - Saved defensive_actions player data to players_defensive_actions.csv
2025-10-05 20:57:56,690 - INFO - Added 32 rows to possession player data (total: 1429)
2025-10-05 20:57:56,709 - INFO - Saved possession player data to players_possession.csv
2025-10-05 20:57:56,715 - INFO - Added 32 rows to miscellaneous player data (total: 1429)
2025-10-05 20:57:56,732 - INFO - Saved miscellaneous player data to players_miscellaneous.csv
2025-10-05 20:57:56,738 - INFO - Added 2 rows to goalkeeper player data (total: 95)
2025-10-05 20:57:56,744 - INFO - Saved goalkeeper player data to players_goalkeeper.csv
2025-10-05 20:57:56,744 - INFO - Waiting between requests...
2025-10-05 20:58:01,953 - INFO - Processing match 48/65: https://fbref.com/en/matches/4e615d10/Sunderland-Aston-Villa-September-21-2025-Premier-League
2025-10-05 20:58:14,538 - INFO - Found 29 tables in match report
2025-10-05 20:58:14,546 - INFO - Added 32 rows to summary player data (total: 1461)
2025-10-05 20:58:14,575 - INFO - Saved summary player data to players_summary.csv
2025-10-05 20:58:14,582 - INFO - Added 32 rows to passing player data (total: 1461)
2025-10-05 20:58:14,611 - INFO - Saved passing player data to players_passing.csv
2025-10-05 20:58:14,616 - INFO - Added 32 rows to passing_types player data (total: 1461)
2025-10-05 20:58:14,635 - INFO - Saved passing_types player data to players_passing_types.csv
2025-10-05 20:58:14,644 - INFO - Added 32 rows to defensive_actions player data (total: 1461)
2025-10-05 20:58:14,663 - INFO - Saved defensive_actions player data to players_defensive_actions.csv
2025-10-05 20:58:14,671 - INFO - Added 32 rows to possession player data (total: 1461)
2025-10-05 20:58:14,694 - INFO - Saved possession player data to players_possession.csv
2025-10-05 20:58:14,699 - INFO - Added 32 rows to miscellaneous player data (total: 1461)
2025-10-05 20:58:14,722 - INFO - Saved miscellaneous player data to players_miscellaneous.csv
2025-10-05 20:58:14,729 - INFO - Added 2 rows to goalkeeper player data (total: 97)
2025-10-05 20:58:14,735 - INFO - Saved goalkeeper player data to players_goalkeeper.csv
2025-10-05 20:58:14,736 - INFO - Waiting between requests...
2025-10-05 20:58:20,212 - INFO - Processing match 49/65: https://fbref.com/en/matches/f55b1b65/Bournemouth-Newcastle-United-September-21-2025-Premier-League
2025-10-05 20:58:31,212 - INFO - Found 29 tables in match report
2025-10-05 20:58:31,220 - INFO - Added 30 rows to summary player data (total: 1491)
2025-10-05 20:58:31,253 - INFO - Saved summary player data to players_summary.csv
2025-10-05 20:58:31,262 - INFO - Added 30 rows to passing player data (total: 1491)
2025-10-05 20:58:31,292 - INFO - Saved passing player data to players_passing.csv
2025-10-05 20:58:31,297 - INFO - Added 30 rows to passing_types player data (total: 1491)
2025-10-05 20:58:31,319 - INFO - Saved passing_types player data to players_passing_types.csv
2025-10-05 20:58:31,326 - INFO - Added 30 rows to defensive_actions player data (total: 1491)
2025-10-05 20:58:31,346 - INFO - Saved defensive_actions player data to players_defensive_actions.csv
2025-10-05 20:58:31,354 - INFO - Added 30 rows to possession player data (total: 1491)
2025-10-05 20:58:31,379 - INFO - Saved possession player data to players_possession.csv
2025-10-05 20:58:31,384 - INFO - Added 30 rows to miscellaneous player data (total: 1491)
2025-10-05 20:58:31,405 - INFO - Saved miscellaneous player data to players_miscellaneous.csv
2025-10-05 20:58:31,412 - INFO - Added 2 rows to goalkeeper player data (total: 99)
2025-10-05 20:58:31,419 - INFO - Saved goalkeeper player data to players_goalkeeper.csv
2025-10-05 20:58:31,419 - INFO - Waiting between requests...
2025-10-05 20:58:38,215 - INFO - Processing match 50/65: https://fbref.com/en/matches/2045939c/Arsenal-Manchester-City-September-21-2025-Premier-League
2025-10-05 20:58:51,856 - INFO - Found 29 tables in match report
2025-10-05 20:58:51,865 - INFO - Added 32 rows to summary player data (total: 1523)
2025-10-05 20:58:51,953 - INFO - Saved summary player data to players_summary.csv
2025-10-05 20:58:51,961 - INFO - Added 32 rows to passing player data (total: 1523)
2025-10-05 20:58:51,994 - INFO - Saved passing player data to players_passing.csv
2025-10-05 20:58:51,999 - INFO - Added 32 rows to passing_types player data (total: 1523)
2025-10-05 20:58:52,023 - INFO - Saved passing_types player data to players_passing_types.csv
2025-10-05 20:58:52,030 - INFO - Added 32 rows to defensive_actions player data (total: 1523)
2025-10-05 20:58:52,051 - INFO - Saved defensive_actions player data to players_defensive_actions.csv
2025-10-05 20:58:52,059 - INFO - Added 32 rows to possession player data (total: 1523)
2025-10-05 20:58:52,085 - INFO - Saved possession player data to players_possession.csv
2025-10-05 20:58:52,092 - INFO - Added 32 rows to miscellaneous player data (total: 1523)
2025-10-05 20:58:52,113 - INFO - Saved miscellaneous player data to players_miscellaneous.csv
2025-10-05 20:58:52,119 - INFO - Added 2 rows to goalkeeper player data (total: 101)
2025-10-05 20:58:52,127 - INFO - Saved goalkeeper player data to players_goalkeeper.csv
2025-10-05 20:58:52,127 - INFO - Waiting between requests...
2025-10-05 20:58:57,823 - INFO - Processing match 51/65: https://fbref.com/en/matches/f96a49ea/Brentford-Manchester-United-September-27-2025-Premier-League
2025-10-05 20:59:08,659 - INFO - Found 29 tables in match report
2025-10-05 20:59:08,664 - INFO - Added 31 rows to summary player data (total: 1554)
2025-10-05 20:59:08,696 - INFO - Saved summary player data to players_summary.csv
2025-10-05 20:59:08,702 - INFO - Added 31 rows to passing player data (total: 1554)
2025-10-05 20:59:08,732 - INFO - Saved passing player data to players_passing.csv
2025-10-05 20:59:08,740 - INFO - Added 31 rows to passing_types player data (total: 1554)
2025-10-05 20:59:08,761 - INFO - Saved passing_types player data to players_passing_types.csv
2025-10-05 20:59:08,768 - INFO - Added 31 rows to defensive_actions player data (total: 1554)
2025-10-05 20:59:08,789 - INFO - Saved defensive_actions player data to players_defensive_actions.csv
2025-10-05 20:59:08,795 - INFO - Added 31 rows to possession player data (total: 1554)
2025-10-05 20:59:08,821 - INFO - Saved possession player data to players_possession.csv
2025-10-05 20:59:08,827 - INFO - Added 31 rows to miscellaneous player data (total: 1554)
2025-10-05 20:59:08,847 - INFO - Saved miscellaneous player data to players_miscellaneous.csv
2025-10-05 20:59:08,852 - INFO - Added 2 rows to goalkeeper player data (total: 103)
2025-10-05 20:59:08,861 - INFO - Saved goalkeeper player data to players_goalkeeper.csv
2025-10-05 20:59:08,861 - INFO - Waiting between requests...
2025-10-05 20:59:14,763 - INFO - Processing match 52/65: https://fbref.com/en/matches/d2fc69e6/Leeds-United-Bournemouth-September-27-2025-Premier-League
2025-10-05 20:59:27,440 - INFO - Found 29 tables in match report
2025-10-05 20:59:27,446 - INFO - Added 30 rows to summary player data (total: 1584)
2025-10-05 20:59:27,475 - INFO - Saved summary player data to players_summary.csv
2025-10-05 20:59:27,480 - INFO - Added 30 rows to passing player data (total: 1584)
2025-10-05 20:59:27,509 - INFO - Saved passing player data to players_passing.csv
2025-10-05 20:59:27,515 - INFO - Added 30 rows to passing_types player data (total: 1584)
2025-10-05 20:59:27,533 - INFO - Saved passing_types player data to players_passing_types.csv
2025-10-05 20:59:27,540 - INFO - Added 30 rows to defensive_actions player data (total: 1584)
2025-10-05 20:59:27,559 - INFO - Saved defensive_actions player data to players_defensive_actions.csv
2025-10-05 20:59:27,564 - INFO - Added 30 rows to possession player data (total: 1584)
2025-10-05 20:59:27,586 - INFO - Saved possession player data to players_possession.csv
2025-10-05 20:59:27,591 - INFO - Added 30 rows to miscellaneous player data (total: 1584)
2025-10-05 20:59:27,611 - INFO - Saved miscellaneous player data to players_miscellaneous.csv
2025-10-05 20:59:27,616 - INFO - Added 2 rows to goalkeeper player data (total: 105)
2025-10-05 20:59:27,622 - INFO - Saved goalkeeper player data to players_goalkeeper.csv
2025-10-05 20:59:27,623 - INFO - Waiting between requests...
2025-10-05 20:59:33,831 - INFO - Processing match 53/65: https://fbref.com/en/matches/8a5edb7f/Crystal-Palace-Liverpool-September-27-2025-Premier-League
2025-10-05 20:59:44,564 - INFO - Found 29 tables in match report
2025-10-05 20:59:44,568 - INFO - Added 31 rows to summary player data (total: 1615)
2025-10-05 20:59:44,588 - INFO - Saved summary player data to players_summary.csv
2025-10-05 20:59:44,593 - INFO - Added 31 rows to passing player data (total: 1615)
2025-10-05 20:59:44,614 - INFO - Saved passing player data to players_passing.csv
2025-10-05 20:59:44,618 - INFO - Added 31 rows to passing_types player data (total: 1615)
2025-10-05 20:59:44,633 - INFO - Saved passing_types player data to players_passing_types.csv
2025-10-05 20:59:44,637 - INFO - Added 31 rows to defensive_actions player data (total: 1615)
2025-10-05 20:59:44,650 - INFO - Saved defensive_actions player data to players_defensive_actions.csv
2025-10-05 20:59:44,655 - INFO - Added 31 rows to possession player data (total: 1615)
2025-10-05 20:59:44,672 - INFO - Saved possession player data to players_possession.csv
2025-10-05 20:59:44,676 - INFO - Added 31 rows to miscellaneous player data (total: 1615)
2025-10-05 20:59:44,690 - INFO - Saved miscellaneous player data to players_miscellaneous.csv
2025-10-05 20:59:44,694 - INFO - Added 2 rows to goalkeeper player data (total: 107)
2025-10-05 20:59:44,699 - INFO - Saved goalkeeper player data to players_goalkeeper.csv
2025-10-05 20:59:44,699 - INFO - Waiting between requests...
2025-10-05 20:59:52,329 - INFO - Processing match 54/65: https://fbref.com/en/matches/b3a3df9a/Chelsea-Brighton-and-Hove-Albion-September-27-2025-Premier-League
2025-10-05 21:00:03,776 - INFO - Found 29 tables in match report
2025-10-05 21:00:03,781 - INFO - Added 31 rows to summary player data (total: 1646)
2025-10-05 21:00:03,806 - INFO - Saved summary player data to players_summary.csv
2025-10-05 21:00:03,811 - INFO - Added 31 rows to passing player data (total: 1646)
2025-10-05 21:00:03,839 - INFO - Saved passing player data to players_passing.csv
2025-10-05 21:00:03,843 - INFO - Added 31 rows to passing_types player data (total: 1646)
2025-10-05 21:00:03,860 - INFO - Saved passing_types player data to players_passing_types.csv
2025-10-05 21:00:03,864 - INFO - Added 31 rows to defensive_actions player data (total: 1646)
2025-10-05 21:00:03,882 - INFO - Saved defensive_actions player data to players_defensive_actions.csv
2025-10-05 21:00:03,886 - INFO - Added 31 rows to possession player data (total: 1646)
2025-10-05 21:00:03,909 - INFO - Saved possession player data to players_possession.csv
2025-10-05 21:00:03,914 - INFO - Added 31 rows to miscellaneous player data (total: 1646)
2025-10-05 21:00:03,932 - INFO - Saved miscellaneous player data to players_miscellaneous.csv
2025-10-05 21:00:03,937 - INFO - Added 2 rows to goalkeeper player data (total: 109)
2025-10-05 21:00:03,943 - INFO - Saved goalkeeper player data to players_goalkeeper.csv
2025-10-05 21:00:03,943 - INFO - Waiting between requests...
2025-10-05 21:00:09,379 - INFO - Processing match 55/65: https://fbref.com/en/matches/53db8cb5/Manchester-City-Burnley-September-27-2025-Premier-League
2025-10-05 21:00:21,164 - INFO - Found 29 tables in match report
2025-10-05 21:00:21,170 - INFO - Added 31 rows to summary player data (total: 1677)
2025-10-05 21:00:21,198 - INFO - Saved summary player data to players_summary.csv
2025-10-05 21:00:21,204 - INFO - Added 31 rows to passing player data (total: 1677)
2025-10-05 21:00:21,233 - INFO - Saved passing player data to players_passing.csv
2025-10-05 21:00:21,238 - INFO - Added 31 rows to passing_types player data (total: 1677)
2025-10-05 21:00:21,258 - INFO - Saved passing_types player data to players_passing_types.csv
2025-10-05 21:00:21,263 - INFO - Added 31 rows to defensive_actions player data (total: 1677)
2025-10-05 21:00:21,283 - INFO - Saved defensive_actions player data to players_defensive_actions.csv
2025-10-05 21:00:21,289 - INFO - Added 31 rows to possession player data (total: 1677)
2025-10-05 21:00:21,313 - INFO - Saved possession player data to players_possession.csv
2025-10-05 21:00:21,317 - INFO - Added 31 rows to miscellaneous player data (total: 1677)
2025-10-05 21:00:21,336 - INFO - Saved miscellaneous player data to players_miscellaneous.csv
2025-10-05 21:00:21,342 - INFO - Added 2 rows to goalkeeper player data (total: 111)
2025-10-05 21:00:21,347 - INFO - Saved goalkeeper player data to players_goalkeeper.csv
2025-10-05 21:00:21,348 - INFO - Waiting between requests...
2025-10-05 21:00:27,396 - INFO - Processing match 56/65: https://fbref.com/en/matches/78970349/Nottingham-Forest-Sunderland-September-27-2025-Premier-League
2025-10-05 21:00:40,070 - INFO - Found 29 tables in match report
2025-10-05 21:00:40,077 - INFO - Added 32 rows to summary player data (total: 1709)
2025-10-05 21:00:40,110 - INFO - Saved summary player data to players_summary.csv
2025-10-05 21:00:40,118 - INFO - Added 32 rows to passing player data (total: 1709)
2025-10-05 21:00:40,152 - INFO - Saved passing player data to players_passing.csv
2025-10-05 21:00:40,161 - INFO - Added 32 rows to passing_types player data (total: 1709)
2025-10-05 21:00:40,182 - INFO - Saved passing_types player data to players_passing_types.csv
2025-10-05 21:00:40,190 - INFO - Added 32 rows to defensive_actions player data (total: 1709)
2025-10-05 21:00:40,214 - INFO - Saved defensive_actions player data to players_defensive_actions.csv
2025-10-05 21:00:40,221 - INFO - Added 32 rows to possession player data (total: 1709)
2025-10-05 21:00:40,249 - INFO - Saved possession player data to players_possession.csv
2025-10-05 21:00:40,256 - INFO - Added 32 rows to miscellaneous player data (total: 1709)
2025-10-05 21:00:40,278 - INFO - Saved miscellaneous player data to players_miscellaneous.csv
2025-10-05 21:00:40,284 - INFO - Added 2 rows to goalkeeper player data (total: 113)
2025-10-05 21:00:40,291 - INFO - Saved goalkeeper player data to players_goalkeeper.csv
2025-10-05 21:00:40,292 - INFO - Waiting between requests...
2025-10-05 21:00:45,672 - INFO - Processing match 57/65: https://fbref.com/en/matches/116cff7d/Tottenham-Hotspur-Wolverhampton-Wanderers-September-27-2025-Premier-League
2025-10-05 21:00:56,286 - INFO - Found 29 tables in match report
2025-10-05 21:00:56,293 - INFO - Added 32 rows to summary player data (total: 1741)
2025-10-05 21:00:56,326 - INFO - Saved summary player data to players_summary.csv
2025-10-05 21:00:56,332 - INFO - Added 32 rows to passing player data (total: 1741)
2025-10-05 21:00:56,367 - INFO - Saved passing player data to players_passing.csv
2025-10-05 21:00:56,374 - INFO - Added 32 rows to passing_types player data (total: 1741)
2025-10-05 21:00:56,400 - INFO - Saved passing_types player data to players_passing_types.csv
2025-10-05 21:00:56,406 - INFO - Added 32 rows to defensive_actions player data (total: 1741)
2025-10-05 21:00:56,429 - INFO - Saved defensive_actions player data to players_defensive_actions.csv
2025-10-05 21:00:56,434 - INFO - Added 32 rows to possession player data (total: 1741)
2025-10-05 21:00:56,462 - INFO - Saved possession player data to players_possession.csv
2025-10-05 21:00:56,467 - INFO - Added 32 rows to miscellaneous player data (total: 1741)
2025-10-05 21:00:56,489 - INFO - Saved miscellaneous player data to players_miscellaneous.csv
2025-10-05 21:00:56,496 - INFO - Added 2 rows to goalkeeper player data (total: 115)
2025-10-05 21:00:56,503 - INFO - Saved goalkeeper player data to players_goalkeeper.csv
2025-10-05 21:00:56,504 - INFO - Waiting between requests...
2025-10-05 21:01:02,950 - INFO - Processing match 58/65: https://fbref.com/en/matches/7345f259/Aston-Villa-Fulham-September-28-2025-Premier-League
2025-10-05 21:01:14,900 - INFO - Found 29 tables in match report
2025-10-05 21:01:14,906 - INFO - Added 32 rows to summary player data (total: 1773)
2025-10-05 21:01:14,936 - INFO - Saved summary player data to players_summary.csv
2025-10-05 21:01:14,945 - INFO - Added 32 rows to passing player data (total: 1773)
2025-10-05 21:01:14,980 - INFO - Saved passing player data to players_passing.csv
2025-10-05 21:01:14,984 - INFO - Added 32 rows to passing_types player data (total: 1773)
2025-10-05 21:01:15,062 - INFO - Saved passing_types player data to players_passing_types.csv
2025-10-05 21:01:15,067 - INFO - Added 32 rows to defensive_actions player data (total: 1773)
2025-10-05 21:01:15,092 - INFO - Saved defensive_actions player data to players_defensive_actions.csv
2025-10-05 21:01:15,098 - INFO - Added 32 rows to possession player data (total: 1773)
2025-10-05 21:01:15,127 - INFO - Saved possession player data to players_possession.csv
2025-10-05 21:01:15,133 - INFO - Added 32 rows to miscellaneous player data (total: 1773)
2025-10-05 21:01:15,155 - INFO - Saved miscellaneous player data to players_miscellaneous.csv
2025-10-05 21:01:15,162 - INFO - Added 2 rows to goalkeeper player data (total: 117)
2025-10-05 21:01:15,169 - INFO - Saved goalkeeper player data to players_goalkeeper.csv
2025-10-05 21:01:15,169 - INFO - Waiting between requests...
2025-10-05 21:01:20,453 - INFO - Processing match 59/65: https://fbref.com/en/matches/e851cb5c/Newcastle-United-Arsenal-September-28-2025-Premier-League
2025-10-05 21:01:30,259 - INFO - Found 29 tables in match report
2025-10-05 21:01:30,264 - INFO - Added 32 rows to summary player data (total: 1805)
2025-10-05 21:01:30,293 - INFO - Saved summary player data to players_summary.csv
2025-10-05 21:01:30,298 - INFO - Added 32 rows to passing player data (total: 1805)
2025-10-05 21:01:30,329 - INFO - Saved passing player data to players_passing.csv
2025-10-05 21:01:30,332 - INFO - Added 32 rows to passing_types player data (total: 1805)
2025-10-05 21:01:30,352 - INFO - Saved passing_types player data to players_passing_types.csv
2025-10-05 21:01:30,357 - INFO - Added 32 rows to defensive_actions player data (total: 1805)
2025-10-05 21:01:30,377 - INFO - Saved defensive_actions player data to players_defensive_actions.csv
2025-10-05 21:01:30,381 - INFO - Added 32 rows to possession player data (total: 1805)
2025-10-05 21:01:30,405 - INFO - Saved possession player data to players_possession.csv
2025-10-05 21:01:30,410 - INFO - Added 32 rows to miscellaneous player data (total: 1805)
2025-10-05 21:01:30,429 - INFO - Saved miscellaneous player data to players_miscellaneous.csv
2025-10-05 21:01:30,434 - INFO - Added 2 rows to goalkeeper player data (total: 119)
2025-10-05 21:01:30,439 - INFO - Saved goalkeeper player data to players_goalkeeper.csv
2025-10-05 21:01:30,440 - INFO - Waiting between requests...
2025-10-05 21:01:35,675 - INFO - Processing match 60/65: https://fbref.com/en/matches/1163f46d/Everton-West-Ham-United-September-29-2025-Premier-League
2025-10-05 21:01:46,375 - INFO - Found 29 tables in match report
2025-10-05 21:01:46,382 - INFO - Added 28 rows to summary player data (total: 1833)
2025-10-05 21:01:46,417 - INFO - Saved summary player data to players_summary.csv
2025-10-05 21:01:46,424 - INFO - Added 28 rows to passing player data (total: 1833)
2025-10-05 21:01:46,464 - INFO - Saved passing player data to players_passing.csv
2025-10-05 21:01:46,471 - INFO - Added 28 rows to passing_types player data (total: 1833)
2025-10-05 21:01:46,494 - INFO - Saved passing_types player data to players_passing_types.csv
2025-10-05 21:01:46,501 - INFO - Added 28 rows to defensive_actions player data (total: 1833)
2025-10-05 21:01:46,533 - INFO - Saved defensive_actions player data to players_defensive_actions.csv
2025-10-05 21:01:46,538 - INFO - Added 28 rows to possession player data (total: 1833)
2025-10-05 21:01:46,567 - INFO - Saved possession player data to players_possession.csv
2025-10-05 21:01:46,571 - INFO - Added 28 rows to miscellaneous player data (total: 1833)
2025-10-05 21:01:46,598 - INFO - Saved miscellaneous player data to players_miscellaneous.csv
2025-10-05 21:01:46,603 - INFO - Added 2 rows to goalkeeper player data (total: 121)
2025-10-05 21:01:46,613 - INFO - Saved goalkeeper player data to players_goalkeeper.csv
2025-10-05 21:01:46,614 - INFO - Waiting between requests...
2025-10-05 21:01:52,104 - INFO - Processing match 61/65: https://fbref.com/en/matches/200f4acc/Bournemouth-Fulham-October-3-2025-Premier-League
2025-10-05 21:02:02,615 - INFO - Found 29 tables in match report
2025-10-05 21:02:02,621 - INFO - Added 32 rows to summary player data (total: 1865)
2025-10-05 21:02:02,658 - INFO - Saved summary player data to players_summary.csv
2025-10-05 21:02:02,666 - INFO - Added 32 rows to passing player data (total: 1865)
2025-10-05 21:02:02,703 - INFO - Saved passing player data to players_passing.csv
2025-10-05 21:02:02,710 - INFO - Added 32 rows to passing_types player data (total: 1865)
2025-10-05 21:02:02,789 - INFO - Saved passing_types player data to players_passing_types.csv
2025-10-05 21:02:02,797 - INFO - Added 32 rows to defensive_actions player data (total: 1865)
2025-10-05 21:02:02,822 - INFO - Saved defensive_actions player data to players_defensive_actions.csv
2025-10-05 21:02:02,830 - INFO - Added 32 rows to possession player data (total: 1865)
2025-10-05 21:02:02,860 - INFO - Saved possession player data to players_possession.csv
2025-10-05 21:02:02,865 - INFO - Added 32 rows to miscellaneous player data (total: 1865)
2025-10-05 21:02:02,889 - INFO - Saved miscellaneous player data to players_miscellaneous.csv
2025-10-05 21:02:02,896 - INFO - Added 2 rows to goalkeeper player data (total: 123)
2025-10-05 21:02:02,903 - INFO - Saved goalkeeper player data to players_goalkeeper.csv
2025-10-05 21:02:02,904 - INFO - Waiting between requests...
2025-10-05 21:02:10,207 - INFO - Processing match 62/65: https://fbref.com/en/matches/3e588df8/Leeds-United-Tottenham-Hotspur-October-4-2025-Premier-League
2025-10-05 21:02:19,957 - INFO - Found 29 tables in match report
2025-10-05 21:02:19,964 - INFO - Added 31 rows to summary player data (total: 1896)
2025-10-05 21:02:20,000 - INFO - Saved summary player data to players_summary.csv
2025-10-05 21:02:20,005 - INFO - Added 31 rows to passing player data (total: 1896)
2025-10-05 21:02:20,046 - INFO - Saved passing player data to players_passing.csv
2025-10-05 21:02:20,051 - INFO - Added 31 rows to passing_types player data (total: 1896)
2025-10-05 21:02:20,075 - INFO - Saved passing_types player data to players_passing_types.csv
2025-10-05 21:02:20,081 - INFO - Added 31 rows to defensive_actions player data (total: 1896)
2025-10-05 21:02:20,104 - INFO - Saved defensive_actions player data to players_defensive_actions.csv
2025-10-05 21:02:20,110 - INFO - Added 31 rows to possession player data (total: 1896)
2025-10-05 21:02:20,138 - INFO - Saved possession player data to players_possession.csv
2025-10-05 21:02:20,143 - INFO - Added 31 rows to miscellaneous player data (total: 1896)
2025-10-05 21:02:20,163 - INFO - Saved miscellaneous player data to players_miscellaneous.csv
2025-10-05 21:02:20,167 - INFO - Added 2 rows to goalkeeper player data (total: 125)
2025-10-05 21:02:20,172 - INFO - Saved goalkeeper player data to players_goalkeeper.csv
2025-10-05 21:02:20,173 - INFO - Waiting between requests...
2025-10-05 21:02:25,182 - INFO - Processing match 63/65: https://fbref.com/en/matches/266bddc6/Arsenal-West-Ham-United-October-4-2025-Premier-League
2025-10-05 21:02:36,002 - INFO - Found 29 tables in match report
2025-10-05 21:02:36,007 - INFO - Added 30 rows to summary player data (total: 1926)
2025-10-05 21:02:36,036 - INFO - Saved summary player data to players_summary.csv
2025-10-05 21:02:36,042 - INFO - Added 30 rows to passing player data (total: 1926)
2025-10-05 21:02:36,073 - INFO - Saved passing player data to players_passing.csv
2025-10-05 21:02:36,077 - INFO - Added 30 rows to passing_types player data (total: 1926)
2025-10-05 21:02:36,098 - INFO - Saved passing_types player data to players_passing_types.csv
2025-10-05 21:02:36,103 - INFO - Added 30 rows to defensive_actions player data (total: 1926)
2025-10-05 21:02:36,125 - INFO - Saved defensive_actions player data to players_defensive_actions.csv
2025-10-05 21:02:36,131 - INFO - Added 30 rows to possession player data (total: 1926)
2025-10-05 21:02:36,156 - INFO - Saved possession player data to players_possession.csv
2025-10-05 21:02:36,162 - INFO - Added 30 rows to miscellaneous player data (total: 1926)
2025-10-05 21:02:36,183 - INFO - Saved miscellaneous player data to players_miscellaneous.csv
2025-10-05 21:02:36,188 - INFO - Added 2 rows to goalkeeper player data (total: 127)
2025-10-05 21:02:36,195 - INFO - Saved goalkeeper player data to players_goalkeeper.csv
2025-10-05 21:02:36,195 - INFO - Waiting between requests...
2025-10-05 21:02:41,252 - INFO - Processing match 64/65: https://fbref.com/en/matches/e33ea33d/Manchester-United-Sunderland-October-4-2025-Premier-League
2025-10-05 21:02:51,454 - INFO - Found 29 tables in match report
2025-10-05 21:02:51,458 - INFO - Added 32 rows to summary player data (total: 1958)
2025-10-05 21:02:51,483 - INFO - Saved summary player data to players_summary.csv
2025-10-05 21:02:51,488 - INFO - Added 32 rows to passing player data (total: 1958)
2025-10-05 21:02:51,514 - INFO - Saved passing player data to players_passing.csv
2025-10-05 21:02:51,518 - INFO - Added 32 rows to passing_types player data (total: 1958)
2025-10-05 21:02:51,533 - INFO - Saved passing_types player data to players_passing_types.csv
2025-10-05 21:02:51,537 - INFO - Added 32 rows to defensive_actions player data (total: 1958)
2025-10-05 21:02:51,554 - INFO - Saved defensive_actions player data to players_defensive_actions.csv
2025-10-05 21:02:51,559 - INFO - Added 32 rows to possession player data (total: 1958)
2025-10-05 21:02:51,581 - INFO - Saved possession player data to players_possession.csv
2025-10-05 21:02:51,585 - INFO - Added 32 rows to miscellaneous player data (total: 1958)
2025-10-05 21:02:51,602 - INFO - Saved miscellaneous player data to players_miscellaneous.csv
2025-10-05 21:02:51,607 - INFO - Added 2 rows to goalkeeper player data (total: 129)
2025-10-05 21:02:51,612 - INFO - Saved goalkeeper player data to players_goalkeeper.csv
2025-10-05 21:02:51,613 - INFO - Waiting between requests...
2025-10-05 21:02:59,543 - INFO - Processing match 65/65: https://fbref.com/en/matches/780d534e/Chelsea-Liverpool-October-4-2025-Premier-League
2025-10-05 21:03:11,762 - INFO - Found 29 tables in match report
2025-10-05 21:03:11,768 - INFO - Added 32 rows to summary player data (total: 1990)
2025-10-05 21:03:11,800 - INFO - Saved summary player data to players_summary.csv
2025-10-05 21:03:11,806 - INFO - Added 32 rows to passing player data (total: 1990)
2025-10-05 21:03:11,840 - INFO - Saved passing player data to players_passing.csv
2025-10-05 21:03:11,845 - INFO - Added 32 rows to passing_types player data (total: 1990)
2025-10-05 21:03:11,867 - INFO - Saved passing_types player data to players_passing_types.csv
2025-10-05 21:03:11,871 - INFO - Added 32 rows to defensive_actions player data (total: 1990)
2025-10-05 21:03:11,895 - INFO - Saved defensive_actions player data to players_defensive_actions.csv
2025-10-05 21:03:11,900 - INFO - Added 32 rows to possession player data (total: 1990)
2025-10-05 21:03:11,929 - INFO - Saved possession player data to players_possession.csv
2025-10-05 21:03:11,934 - INFO - Added 32 rows to miscellaneous player data (total: 1990)
2025-10-05 21:03:11,956 - INFO - Saved miscellaneous player data to players_miscellaneous.csv
2025-10-05 21:03:11,963 - INFO - Added 2 rows to goalkeeper player data (total: 131)
2025-10-05 21:03:11,968 - INFO - Saved goalkeeper player data to players_goalkeeper.csv
2025-10-05 21:03:11,969 - INFO - Waiting between requests...
